14_110000450_C/A
14_110001500_T/G
14_110003330_G/A
14_110003471_G/T
14_110004523_A/G
14_110004569_A/G
14_110004671_G/A
14_110006135_C/T
14_110006167_C/G
14_110006490_G/A
14_110008439_C/T
14_110008571_G/A
14_110009082_A/G
14_110009712_C/T
14_110010742_A/G
14_110011426_C/T
14_110011427_A/G
14_110012543_G/A
14_110013014_T/C
14_110015498_G/A
14_110015661_A/C
14_110015711_G/T
14_110015934_C/T
14_110016997_A/G
14_110017135_G/A
14_110017222_T/C
14_110017486_G/A
14_110017507_A/G
14_110018304_T/C
14_110019674_C/T
14_110019750_G/A
14_110022723_T/C
14_110022862_T/C
14_110023025_C/T
14_110023754_G/T
14_110023957_A/G
14_110024335_G/T
14_110024337_C/T
14_110025252_A/G
14_110025332_A/G
14_110025910_A/T
14_110030402_T/A
14_110030687_C/T
14_110032108_T/C
14_110032386_T/C
14_110033959_T/C
14_110034201_A/G
14_110034218_A/G
14_110034602_C/T
14_110037267_C/T
14_110038022_A/G
14_110038169_G/C
14_110039385_G/A
14_110043546_T/G
14_110044917_T/A
14_110045241_A/G
14_110047780_T/C
14_110049457_G/A
14_110050629_T/C
14_110052808_A/G
14_110061004_A/G
14_110061257_T/C
14_110064404_C/T
14_110065106_T/G
14_110065994_A/G
14_110066544_G/A
14_110066816_T/C
14_110067447_C/T
14_110068118_G/A
14_110068579_G/A
14_110068866_T/C
14_110070090_C/T
14_110070249_C/A
14_110072195_A/G
14_110072582_C/T
14_110074099_C/T
14_110074233_G/A
14_110076233_T/C
14_110076270_C/T
14_110077714_G/C
14_110081310_C/T
14_110082446_C/A
14_110082602_G/A
14_110083854_C/T
14_110085453_C/T
14_110085883_A/G
14_110085894_A/G
14_110086328_C/T
14_110087615_G/C
14_110089132_A/G
14_110089670_A/G
14_110089963_C/T
14_110095185_G/T
14_110096906_T/C
14_110098482_G/A
14_110102042_T/C
14_110103702_C/G
14_110104828_C/T
14_110105073_G/A
14_110105414_T/C
14_110105536_A/G
14_110105553_C/T
14_110105934_C/G
14_110105957_A/G
14_110107699_T/C
14_110109946_G/A
14_110112702_T/A
14_110113435_A/T
14_110118669_A/G
14_110118675_A/G
14_110118797_A/G
14_110119130_T/C
14_110119352_T/A
14_110123475_G/C
14_110123721_C/T
14_110123949_G/C
14_110129023_A/G
14_110129305_A/G
14_110130815_G/T
14_110131520_C/T
14_110132748_T/C
14_110133185_T/C
14_110133398_G/C
14_110135215_C/T
14_110138334_T/C
14_110138490_C/T
14_110139885_C/T
14_110140558_G/C
14_110140958_T/C
14_110141152_C/T
14_110142897_T/G
14_110144721_G/A
14_110146144_A/G
14_110146593_G/A
14_110146604_C/T
14_110147256_C/G
14_110150311_A/C
14_110150514_C/T
14_110150685_G/C
14_110153274_C/T
14_110154086_T/C
14_110155345_G/A
14_110155753_A/G
14_110158711_G/A
14_110161721_T/C
14_110161971_A/C
14_110163035_C/G
14_110163216_C/G
14_110164941_G/T
14_110165488_G/T
14_110167403_G/C
14_110167432_G/C
14_110169172_G/A
14_110170442_C/T
14_110171643_T/C
14_110172263_C/T
14_110173785_A/C
14_110175911_T/C
14_110180092_A/G
14_110181115_G/A
14_110182745_C/T
14_110184189_C/T
14_110184213_T/C
14_110185119_T/C
14_110185478_T/C
14_110187681_C/A
14_110189235_T/C
14_110189259_C/G
14_110193570_G/C
14_110195243_C/T
14_110196155_C/T
14_110196950_G/A
14_110198563_T/C
14_110199553_G/A
14_110199888_G/T
14_110200688_T/C
14_110202188_G/A
14_110202880_T/C
14_110204325_T/A
14_110205569_A/G
14_110207158_G/C
14_110207448_A/G
14_110208229_A/G
14_110208291_A/C
14_110210381_G/T
14_110210469_T/C
14_110211477_T/A
14_110211793_C/T
14_110212060_A/G
14_110213753_A/G
14_110214168_C/A
14_110214278_G/T
14_110214757_G/C
14_110215052_G/A
14_110215139_T/A
14_110216071_C/T
14_110216843_A/G
14_110217653_T/A
14_110218197_C/G
14_110219319_A/G
14_110220975_C/A
14_110223043_C/T
14_110225258_A/G
14_110226052_A/G
14_110226374_T/C
14_110226900_A/G
14_110228452_T/G
14_110229407_C/T
14_110230560_G/T
14_110231936_G/T
14_110232300_C/T
14_110232304_T/C
14_110232326_C/T
14_110236328_G/A
14_110237953_A/G
14_110239877_A/C
14_110240454_T/C
14_110240856_T/G
14_110241417_C/T
14_110245174_A/G
14_110245439_G/A
14_110245869_G/A
14_110250003_G/A
14_110250198_T/C
14_110253110_C/T
14_110253585_T/C
14_110255026_C/A
14_110258612_A/G
14_110259198_C/A
14_110259703_A/C
14_110261258_T/C
14_110261797_T/C
14_110261827_G/A
14_110264902_C/T
14_110266098_C/A
14_110266287_C/T
14_110266661_G/A
14_110266768_C/A
14_110267875_A/G
14_110268235_C/T
14_110271924_T/G
14_110271935_G/T
14_110271944_T/C
14_110272064_G/T
14_110273842_C/T
14_110275899_A/C
14_110277293_C/A
14_110279282_C/T
14_110279306_G/T
14_110283193_G/C
14_110283196_A/T
14_110283568_A/G
14_110286433_T/G
14_110288607_G/A
14_110288699_G/C
14_110289337_T/A
14_110291622_G/A
14_110293224_A/C
14_110293780_T/C
14_110293793_A/G
14_110295668_G/A
14_110297136_A/T
14_110297447_T/C
14_110298659_C/A
14_110299473_A/T
14_110299601_A/T
14_110300075_G/A
14_110301334_T/C
14_110301977_C/T
14_110304513_G/A
14_110305952_T/C
14_110306373_T/C
14_110306579_A/G
14_110307579_G/A
14_110309510_A/G
14_110309584_T/G
14_110309658_A/G
14_110309948_T/C
14_110310138_T/C
14_110310635_G/C
14_110312949_T/C
14_110315584_C/T
14_110316299_A/C
14_110316662_G/C
14_110316869_A/G
14_110318140_T/A
14_110321733_C/T
14_110322145_C/T
14_110326774_A/C
14_110327676_T/C
14_110328639_G/C
14_110329322_G/A
14_110331677_A/C
14_110333267_G/A
14_110335981_G/T
14_110336306_G/A
14_110338210_G/A
14_110338321_T/C
14_110339294_T/C
14_110342073_T/C
14_110342077_T/A
14_110346261_A/G
14_110347504_G/A
14_110348655_A/T
14_110348952_T/C
14_110349848_T/G
14_110350879_C/T
14_110352450_G/A
14_110354364_T/A
14_110355801_G/A
14_110356922_T/C
14_110357010_A/G
14_110357260_A/G
14_110358491_C/T
14_110359218_G/A
14_110359498_C/T
14_110360454_C/G
14_110362210_C/A
14_110363143_G/T
14_110363167_G/T
14_110364012_G/T
14_110364559_C/T
14_110365732_T/G
14_110367021_G/A
14_110368123_C/T
14_110368687_T/G
14_110369959_A/G
14_110370105_G/C
14_110370197_G/A
14_110370495_G/T
14_110371751_C/G
14_110372088_T/C
14_110373593_T/C
14_110374974_A/G
14_110376034_A/T
14_110376545_C/T
14_110377542_A/G
14_110377792_A/C
14_110378210_C/T
14_110381861_C/T
14_110382476_C/A
14_110382822_C/G
14_110383625_T/A
14_110384799_T/C
14_110386324_C/T
14_110387618_G/A
14_110389370_A/G
14_110393348_G/A
14_110396447_G/C
14_110396656_G/A
14_110396786_T/C
14_110398391_T/G
14_110399080_A/C
14_110399181_A/G
14_110402145_A/G
14_110402687_T/C
14_110404230_G/C
14_110406103_A/T
14_110407024_A/G
14_110408132_C/G
14_110411354_T/C
14_110412079_A/G
14_110412123_T/C
14_110413896_G/A
14_110417135_T/C
14_110420017_G/A
14_110420027_G/C
14_110421688_G/A
14_110424176_A/G
14_110424631_G/A
14_110424703_G/T
14_110424874_A/G
14_110425987_C/T
14_110426871_A/G
14_110427920_T/C
14_110429313_T/A
14_110430569_G/A
14_110430806_C/T
14_110432696_A/G
14_110434836_T/C
14_110435249_A/T
14_110437059_C/T
14_110439495_G/A
14_110440299_T/A
14_110440364_A/G
14_110441491_G/A
14_110442619_A/G
14_110445283_T/G
14_110445959_T/C
14_110446050_G/A
14_110446821_G/C
14_110447038_A/G
14_110447200_G/A
14_110448146_C/G
14_110448356_T/C
14_110448422_T/C
14_110448759_A/G
14_110449132_T/C
14_110449403_C/A
14_110449465_A/C
14_110450472_T/C
14_110451755_T/C
14_110452248_A/T
14_110452333_G/A
14_110452769_G/A
14_110454145_T/C
14_110454834_G/A
14_110456065_A/G
14_110456914_G/A
14_110457656_C/T
14_110458378_C/T
14_110459119_T/C
14_110460823_A/G
14_110462559_A/C
14_110462769_G/C
14_110463889_C/T
14_110464026_A/G
14_110466605_A/G
14_110466782_A/G
14_110473099_C/T
14_110474675_A/G
14_110475511_C/A
14_110481578_T/A
14_110482719_A/T
14_110483107_G/A
14_110483247_C/T
14_110487951_G/A
14_110488079_T/C
14_110488244_G/A
14_110490219_A/G
14_110491307_T/G
14_110491819_A/C
14_110492731_T/C
14_110493282_G/A
14_110493895_C/A
14_110498042_T/C
14_110498100_C/T
14_110498418_A/G
14_110499796_T/C
14_110499974_A/G
14_110500213_C/G
14_110502336_C/T
14_110503169_G/A
14_110503266_G/C
14_110503411_A/G
14_110505128_A/G
14_110505643_G/A
14_110505703_G/A
14_110506599_T/A
14_110506603_A/G
14_110506695_G/T
14_110506919_C/T
14_110509721_G/C
14_110509846_G/A
14_110510571_A/G
14_110511422_T/G
14_110513286_C/T
14_110514831_A/G
14_110514871_A/G
14_110516904_A/G
14_110517350_A/G
14_110519071_A/T
14_110521295_C/T
14_110521988_A/G
14_110522230_A/G
14_110525498_T/C
14_110525964_A/G
14_110526903_C/T
14_110528883_G/A
14_110529778_G/A
14_110530681_T/C
14_110531162_G/A
14_110532425_A/G
14_110533580_C/T
14_110533831_C/T
14_110533947_C/A
14_110536176_A/G
14_110536594_T/C
14_110537421_T/C
14_110539004_C/T
14_110539077_G/A
14_110541914_A/G
14_110541990_G/A
14_110542538_G/A
14_110542629_C/T
14_110542829_G/A
14_110543058_G/A
14_110543425_C/A
14_110543522_C/A
14_110543859_G/A
14_110544168_T/A
14_110544496_G/A
14_110544870_G/T
14_110544891_A/C
14_110544980_C/T
14_110546192_G/A
14_110547928_A/G
14_110547963_C/T
14_110548036_C/T
14_110548632_A/G
14_110548691_C/G
14_110548777_A/G
14_110549165_A/T
14_110549349_A/G
14_110549430_C/T
14_110550457_A/G
14_110551170_A/T
14_110553268_A/G
14_110553285_G/C
14_110553451_C/T
14_110553527_T/C
14_110554163_T/G
14_110554180_C/T
14_110554183_A/G
14_110554272_T/A
14_110554317_G/A
14_110554424_T/G
14_110554438_G/A
14_110554552_A/C
14_110554574_T/G
14_110554680_C/T
14_110554719_T/C
14_110554734_T/C
14_110554879_C/T
14_110555061_C/T
14_110555081_G/A
14_110556006_G/T
14_110556239_A/G
14_110556529_T/C
14_110556567_A/T
14_110557146_A/T
14_110557821_A/G
14_110558080_C/T
14_110558228_G/C
14_110558314_G/A
14_110558831_G/T
14_110559414_C/T
14_110559579_G/A
14_110559610_A/G
14_110559636_C/G
14_110559639_T/A
14_110559869_G/C
14_110559881_T/A
14_110560352_G/A
14_110560593_T/C
14_110560631_T/C
14_110560665_G/A
14_110560790_G/C
14_110560871_T/C
14_110561137_T/C
14_110561169_T/C
14_110561221_A/G
14_110561230_A/G
14_110561266_T/C
14_110561654_G/A
14_110561656_G/A
14_110561689_T/C
14_110561987_A/G
14_110562034_G/T
14_110562046_A/G
14_110562132_T/C
14_110562475_T/C
14_110562501_A/G
14_110562518_T/C
14_110562709_T/C
14_110562742_G/C
14_110562877_A/G
14_110563060_A/G
14_110563240_G/A
14_110563320_C/G
14_110563574_A/T
14_110563614_G/A
14_110563632_G/A
14_110563738_C/T
14_110564606_T/C
14_110564864_C/T
14_110565104_C/G
14_110565109_A/G
14_110565167_A/C
14_110565474_T/C
14_110565592_A/G
14_110565676_C/T
14_110565700_G/A
14_110565786_A/G
14_110566044_T/C
14_110566349_T/C
14_110566658_A/G
14_110566672_G/A
14_110566811_C/T
14_110567124_C/G
14_110567454_G/A
14_110567762_A/G
14_110567779_T/C
14_110568006_C/T
14_110568277_T/C
14_110568472_G/A
14_110568498_T/C
14_110568590_G/T
14_110568650_G/A
14_110568669_A/G
14_110568817_A/C
14_110568834_G/A
14_110569045_A/G
14_110569202_C/T
14_110569331_T/A
14_110569342_T/C
14_110569441_C/A
14_110569595_T/C
14_110570023_G/A
14_110570476_T/G
14_110571150_A/G
14_110571414_T/G
14_110571481_A/G
14_110571501_G/A
14_110571556_C/T
14_110571628_G/C
14_110571647_G/T
14_110571679_G/A
14_110571713_C/T
14_110571865_T/C
14_110572055_T/C
14_110572323_C/T
14_110572354_A/G
14_110572379_T/C
14_110572461_A/G
14_110572570_A/G
14_110572602_C/T
14_110572887_C/T
14_110573167_T/C
14_110573274_A/G
14_110573325_A/G
14_110573445_T/C
14_110573712_G/A
14_110573913_G/A
14_110573943_T/G
14_110574060_T/C
14_110574070_G/T
14_110574341_A/C
14_110574415_C/T
14_110574421_G/A
14_110574478_T/C
14_110574801_G/A
14_110574973_A/G
14_110575560_G/A
14_110575951_A/G
14_110576030_C/G
14_110576050_C/T
14_110576472_C/T
14_110577215_G/A
14_110577380_A/T
14_110579927_G/A
14_110579942_T/A
14_110580029_A/G
14_110580096_G/A
14_110580104_G/A
14_110580707_C/T
14_110580732_G/A
14_110580765_C/T
14_110581240_A/G
14_110581251_G/A
14_110581253_G/A
14_110581535_C/G
14_110581556_A/T
14_110581675_A/G
14_110581691_A/G
14_110582180_A/G
14_110582839_T/C
14_110583485_C/T
14_110584411_C/T
14_110584601_T/C
14_110584908_C/T
14_110585227_T/C
14_110585238_C/A
14_110585365_T/C
14_110585530_T/G
14_110585744_G/C
14_110585771_T/C
14_110585886_A/G
14_110586393_T/C
14_110587559_T/C
14_110588511_G/A
14_110589930_G/A
14_110590494_T/C
14_110591523_T/C
14_110591923_A/G
14_110592040_C/T
14_110592774_A/G
14_110593011_G/A
14_110593012_C/T
14_110593117_G/A
14_110594074_A/G
14_110594485_C/T
14_110594579_C/T
14_110594823_T/A
14_110595040_C/T
14_110595521_A/G
14_110596275_A/G
14_110596334_T/C
14_110596360_A/G
14_110596373_T/C
14_110596675_G/A
14_110597386_C/T
14_110597411_G/A
14_110597525_A/G
14_110597677_C/T
14_110598085_T/G
14_110598152_T/C
14_110598155_G/T
14_110598277_G/A
14_110598485_A/C
14_110598810_A/G
14_110599264_A/G
14_110599382_G/A
14_110599566_G/A
14_110600256_G/C
14_110600640_T/C
14_110600717_G/A
14_110601383_C/G
14_110601433_A/G
14_110601782_A/G
14_110602558_A/G
14_110602770_T/C
14_110603099_C/T
14_110603832_G/T
14_110604481_A/T
14_110604881_G/C
14_110604884_C/A
14_110604909_T/C
14_110604910_G/A
14_110605196_A/G
14_110605270_A/G
14_110605289_C/T
14_110605608_T/C
14_110605752_C/T
14_110605756_T/C
14_110605804_T/C
14_110607498_G/C
14_110608360_G/A
14_110609971_G/A
14_110610220_G/A
14_110611198_T/C
14_110611551_G/C
14_110611645_C/T
14_110612709_A/G
14_110614043_G/C
14_110614860_C/T
14_110615022_G/A
14_110615105_G/C
14_110615162_T/C
14_110615257_T/C
14_110615314_A/G
14_110615381_C/T
14_110615443_C/T
14_110615516_A/G
14_110615782_A/G
14_110615991_A/G
14_110615998_A/G
14_110616094_C/T
14_110616351_T/C
14_110616381_C/T
14_110616435_C/T
14_110616639_C/G
14_110616679_C/T
14_110616741_C/T
14_110616775_C/G
14_110617353_C/T
14_110617405_C/T
14_110617548_T/C
14_110617662_G/A
14_110617902_T/C
14_110618069_C/G
14_110618122_T/C
14_110618127_C/T
14_110619230_A/G
14_110619235_T/A
14_110619404_C/T
14_110619416_A/G
14_110619479_G/A
14_110620518_C/A
14_110620873_A/G
14_110621008_G/C
14_110621322_T/C
14_110621378_A/G
14_110621725_C/T
14_110621806_G/A
14_110621864_G/A
14_110621873_G/A
14_110621971_T/C
14_110622194_T/C
14_110622298_T/G
14_110622387_A/G
14_110622627_C/T
14_110622679_C/T
14_110622688_C/T
14_110622924_C/T
14_110622983_G/A
14_110623012_A/G
14_110623168_G/T
14_110623201_C/G
14_110623344_C/T
14_110623360_C/T
14_110623394_A/G
14_110623423_G/A
14_110623468_T/C
14_110623545_G/A
14_110623642_C/T
14_110623709_C/A
14_110623750_G/A
14_110623751_G/A
14_110623812_G/C
14_110623888_A/G
14_110623931_C/A
14_110624128_G/T
14_110624310_G/A
14_110624423_A/T
14_110624969_C/T
14_110625684_A/T
14_110626436_A/G
14_110626700_T/C
14_110626765_A/G
14_110628560_T/C
14_110630216_G/T
14_110630774_T/C
14_110630859_G/A
14_110630988_A/C
14_110631229_G/T
14_110631354_C/G
14_110631437_T/C
14_110631953_A/C
14_110632101_C/G
14_110632249_G/C
14_110632251_A/G
14_110632340_A/G
14_110632382_A/G
14_110632563_C/G
14_110632571_C/T
14_110632610_A/T
14_110633043_A/G
14_110633163_T/C
14_110633240_C/G
14_110633255_G/A
14_110633381_C/T
14_110633714_A/T
14_110633917_A/G
14_110634071_G/T
14_110634500_G/A
14_110634626_C/T
14_110634668_T/C
14_110634682_T/C
14_110636087_T/G
14_110636255_G/A
14_110636377_A/T
14_110636929_A/G
14_110637218_G/A
14_110637974_T/C
14_110638258_C/T
14_110638376_A/G
14_110640314_C/T
14_110640352_G/T
14_110640595_G/A
14_110641206_T/G
14_110641653_T/C
14_110642058_T/G
14_110642305_T/A
14_110642452_A/G
14_110642530_G/A
14_110643079_A/G
14_110643092_A/C
14_110643235_C/T
14_110643248_T/A
14_110643725_C/T
14_110643921_G/A
14_110644518_G/A
14_110644794_C/T
14_110644893_A/G
14_110645073_C/T
14_110645192_C/T
14_110646005_A/G
14_110646037_A/G
14_110646389_C/T
14_110646864_G/A
14_110647018_C/A
14_110647030_C/T
14_110647035_C/T
14_110647236_C/T
14_110647391_A/G
14_110647666_G/A
14_110647668_A/T
14_110648108_A/G
14_110648243_T/C
14_110648408_G/T
14_110648451_G/A
14_110648827_C/G
14_110648887_T/C
14_110648958_T/C
14_110649018_T/C
14_110649559_C/T
14_110649775_C/T
14_110650026_A/G
14_110650277_A/G
14_110650329_A/G
14_110650559_A/C
14_110650589_C/T
14_110650716_A/G
14_110650784_T/C
14_110651660_C/T
14_110651824_A/T
14_110651836_C/T
14_110651890_A/T
14_110651897_G/A
14_110652070_T/C
14_110652105_G/A
14_110652123_G/A
14_110652206_G/A
14_110652695_G/A
14_110652883_A/G
14_110653390_A/G
14_110653569_A/G
14_110653618_T/A
14_110653988_A/G
14_110654043_C/T
14_110654049_G/A
14_110654059_T/C
14_110654162_T/C
14_110654609_T/G
14_110654642_C/T
14_110654657_A/G
14_110654843_A/C
14_110655148_C/T
14_110655628_G/C
14_110655629_C/T
14_110655735_C/T
14_110656262_T/C
14_110656264_G/A
14_110656386_G/A
14_110656392_T/A
14_110656411_T/C
14_110656530_G/A
14_110657709_A/G
14_110658015_T/C
14_110658299_T/G
14_110658369_T/C
14_110658477_A/G
14_110659081_G/A
14_110659810_T/C
14_110659830_G/A
14_110659935_A/G
14_110660056_C/T
14_110660179_G/A
14_110660322_T/C
14_110660330_A/G
14_110660405_G/A
14_110660694_T/C
14_110660862_A/T
14_110661531_A/G
14_110661598_G/A
14_110661600_T/C
14_110661616_C/T
14_110662267_A/G
14_110662341_C/T
14_110662356_A/G
14_110662406_T/C
14_110662410_A/G
14_110662553_T/A
14_110662755_A/G
14_110662761_T/C
14_110662928_T/C
14_110663233_C/T
14_110663371_G/A
14_110664323_G/A
14_110664375_A/G
14_110664398_G/A
14_110664489_A/C
14_110664490_G/A
14_110664978_A/G
14_110665019_A/C
14_110665629_T/G
14_110666056_G/A
14_110666058_T/G
14_110666061_A/T
14_110666302_C/T
14_110666468_A/C
14_110666620_G/A
14_110666639_C/T
14_110667277_A/T
14_110667338_T/C
14_110667344_T/C
14_110667354_G/A
14_110667377_T/C
14_110667502_C/T
14_110667619_A/G
14_110667650_T/C
14_110667742_C/T
14_110667873_T/G
14_110668405_T/G
14_110668468_C/T
14_110668978_G/C
14_110669080_G/A
14_110669135_T/C
14_110669214_C/T
14_110669235_C/T
14_110669241_C/T
14_110669300_A/G
14_110669323_G/A
14_110669365_T/A
14_110669366_T/A
14_110669498_G/A
14_110669635_T/C
14_110669913_G/A
14_110669945_T/G
14_110671131_G/A
14_110671194_T/C
14_110671376_A/G
14_110671694_G/A
14_110671805_G/A
14_110671813_T/G
14_110671988_A/G
14_110672229_C/T
14_110672276_G/A
14_110672695_A/G
14_110672734_T/C
14_110673648_C/T
14_110673667_C/G
14_110673675_A/T
14_110674153_G/A
14_110674357_A/G
14_110674755_A/C
14_110675737_A/G
14_110677204_C/T
14_110677468_T/C
14_110677567_T/C
14_110677623_T/C
14_110678407_T/G
14_110678831_T/C
14_110678846_C/T
14_110678854_G/A
14_110678989_C/A
14_110679026_T/C
14_110679149_T/C
14_110679153_C/T
14_110679181_G/A
14_110679217_T/G
14_110679232_G/C
14_110679233_G/A
14_110679468_C/T
14_110679663_T/C
14_110680017_A/C
14_110680441_G/A
14_110680456_C/A
14_110680536_G/T
14_110680768_G/A
14_110680802_A/G
14_110680956_C/T
14_110681011_A/G
14_110681012_C/T
14_110681073_A/G
14_110681088_G/A
14_110681128_T/G
14_110681182_T/C
14_110681244_G/A
14_110681320_G/T
14_110681355_G/A
14_110681489_C/A
14_110681546_G/A
14_110681555_G/A
14_110681558_C/A
14_110681562_T/C
14_110681825_T/A
14_110682194_G/T
14_110682206_A/G
14_110682283_A/T
14_110682460_A/G
14_110682690_G/A
14_110682717_C/T
14_110682916_G/A
14_110682952_G/A
14_110682954_A/G
14_110683035_T/C
14_110683068_A/G
14_110683233_G/A
14_110683980_A/G
14_110684610_G/A
14_110685005_T/C
14_110685160_G/A
14_110685369_T/C
14_110685384_G/T
14_110685752_C/T
14_110685828_C/T
14_110685837_A/G
14_110685859_G/A
14_110685929_T/C
14_110688170_G/A
14_110688279_C/T
14_110688346_A/G
14_110690269_T/C
14_110690534_T/C
14_110690778_C/T
14_110690831_G/A
14_110690841_G/A
14_110690845_C/T
14_110691032_A/G
14_110691361_A/T
14_110691505_A/G
14_110691529_T/A
14_110691577_A/G
14_110691845_G/T
14_110691902_T/C
14_110691925_A/G
14_110691955_A/G
14_110692557_T/C
14_110693026_G/A
14_110694137_T/C
14_110694708_C/T
14_110694884_A/G
14_110695134_A/G
14_110695231_A/G
14_110696066_T/C
14_110696422_G/C
14_110696783_A/T
14_110696985_A/G
14_110697063_T/C
14_110697197_G/A
14_110697484_A/C
14_110697720_C/T
14_110697821_T/C
14_110698708_G/T
14_110698744_C/T
14_110698945_T/G
14_110699236_C/T
14_110699245_G/A
14_110699570_T/C
14_110700233_A/G
14_110700648_C/T
14_110700683_A/G
14_110700727_C/A
14_110703200_G/A
14_110703249_A/T
14_110705096_T/C
14_110706450_G/A
14_110706590_C/T
14_110706896_G/C
14_110707112_C/T
14_110708798_G/A
14_110709081_C/A
14_110710354_T/C
14_110710607_G/A
14_110710715_A/G
14_110711839_G/A
14_110712009_C/T
14_110712165_G/A
14_110712683_C/T
14_110714193_T/C
14_110715756_G/C
14_110717136_A/T
14_110717665_C/T
14_110719338_A/G
14_110719379_G/C
14_110720817_C/T
14_110721777_A/G
14_110721872_C/G
14_110723778_C/T
14_110724433_T/C
14_110726456_G/A
14_110726892_T/G
14_110727192_C/T
14_110727276_T/C
14_110727408_T/C
14_110727968_T/A
14_110728678_G/A
14_110729091_C/T
14_110729208_T/G
14_110729335_G/A
14_110729796_T/C
14_110729938_G/A
14_110730265_C/T
14_110730410_G/T
14_110730411_T/G
14_110730507_A/G
14_110730587_G/A
14_110730928_T/C
14_110731761_A/G
14_110732396_C/T
14_110732915_T/G
14_110732939_C/T
14_110733224_C/T
14_110733359_G/T
14_110733385_A/C
14_110733525_G/A
14_110733556_A/G
14_110733562_C/T
14_110733657_T/C
14_110733716_A/G
14_110733990_T/A
14_110734119_A/G
14_110734464_G/T
14_110734578_T/G
14_110734612_A/C
14_110734724_C/G
14_110734973_G/A
14_110735016_C/T
14_110735035_T/C
14_110735205_G/A
14_110735287_T/A
14_110735394_A/G
14_110735425_C/T
14_110735432_G/A
14_110735503_C/T
14_110735547_A/G
14_110735910_T/G
14_110735920_C/T
14_110735930_T/G
14_110735993_T/C
14_110736030_T/C
14_110736048_C/A
14_110736176_C/T
14_110736383_T/C
14_110736490_T/C
14_110736672_C/T
14_110736690_G/A
14_110736754_A/G
14_110736766_A/G
14_110736813_A/G
14_110736867_C/T
14_110736896_A/G
14_110736917_C/T
14_110737091_C/T
14_110737188_C/T
14_110737229_T/C
14_110737894_G/T
14_110737896_A/G
14_110737986_T/C
14_110738028_C/T
14_110738059_T/G
14_110738405_T/G
14_110738502_C/T
14_110738806_T/C
14_110738995_A/G
14_110739330_A/G
14_110739352_C/A
14_110739545_C/T
14_110739846_G/A
14_110740074_T/C
14_110740629_A/G
14_110741257_C/T
14_110741285_G/A
14_110741328_A/T
14_110741375_A/G
14_110741616_G/C
14_110741759_T/A
14_110741935_T/G
14_110742060_T/A
14_110742095_T/C
14_110742099_G/A
14_110742436_G/C
14_110742491_A/C
14_110742637_T/A
14_110743066_T/C
14_110743202_T/C
14_110743330_C/T
14_110743360_G/C
14_110743420_C/T
14_110743432_A/G
14_110743702_C/T
14_110743720_C/T
14_110743748_G/C
14_110743783_T/C
14_110744540_G/A
14_110744643_A/T
14_110744862_T/C
14_110744918_C/A
14_110745321_G/A
14_110745326_C/T
14_110745422_A/C
14_110745437_C/G
14_110745443_T/C
14_110745485_T/C
14_110745609_C/T
14_110746077_C/T
14_110746729_T/C
14_110746782_C/T
14_110747407_A/T
14_110747441_C/T
14_110747447_T/C
14_110747454_T/G
14_110747636_C/T
14_110747731_C/T
14_110747792_C/T
14_110747895_A/G
14_110748082_G/A
14_110748249_C/T
14_110748261_T/C
14_110748504_T/C
14_110748575_C/T
14_110748576_A/G
14_110748608_T/A
14_110748654_G/A
14_110748747_A/G
14_110748769_G/A
14_110748947_T/A
14_110749315_T/A
14_110749489_A/G
14_110749785_A/G
14_110750030_A/G
14_110750211_C/T
14_110750541_A/G
14_110750749_C/T
14_110750839_C/A
14_110750981_G/A
14_110751407_T/C
14_110753947_C/G
14_110757251_G/A
14_110757821_T/C
14_110758323_A/G
14_110758505_G/A
14_110760520_T/C
14_110760609_G/A
14_110760642_A/G
14_110760811_G/T
14_110761788_G/A
14_110761947_A/G
14_110762218_G/A
14_110762258_C/T
14_110762339_C/T
14_110762367_G/C
14_110762374_T/C
14_110762381_T/C
14_110763103_A/G
14_110763452_A/G
14_110763833_A/G
14_110763861_C/T
14_110764153_A/T
14_110764531_G/A
14_110764808_C/T
14_110764824_A/G
14_110764963_A/C
14_110765207_T/C
14_110765236_A/G
14_110765352_G/A
14_110765574_T/C
14_110765669_A/G
14_110765990_G/A
14_110766194_T/A
14_110766220_T/C
14_110766283_A/G
14_110766351_G/T
14_110766473_C/G
14_110766524_C/T
14_110766583_C/T
14_110766586_A/G
14_110766642_C/G
14_110766684_C/G
14_110766918_A/G
14_110767003_A/C
14_110767158_C/T
14_110767227_C/G
14_110767467_T/C
14_110767559_T/C
14_110767784_A/G
14_110767839_G/C
14_110767867_A/G
14_110768043_G/A
14_110768655_C/T
14_110770447_C/A
14_110770469_G/C
14_110770782_A/G
14_110771009_G/A
14_110772486_G/A
14_110772509_T/C
14_110773071_G/C
14_110773104_T/C
14_110773632_C/T
14_110773755_A/G
14_110773828_A/G
14_110774429_G/A
14_110774539_A/G
14_110774553_G/A
14_110774737_G/T
14_110775541_C/T
14_110775568_T/A
14_110775746_G/A
14_110775919_T/C
14_110776133_T/G
14_110777320_C/T
14_110777446_G/A
14_110777469_C/T
14_110777867_G/A
14_110777905_T/C
14_110778219_C/G
14_110781826_G/A
14_110784460_C/T
14_110789841_C/T
14_110789922_T/C
14_110791117_G/A
14_110792152_A/G
14_110795021_T/A
14_110799574_C/A
14_110801109_C/T
14_110801114_C/A
14_110801122_C/T
14_110801363_A/G
14_110801847_G/T
14_110802490_A/G
14_110803076_C/T
14_110804196_T/C
14_110804455_T/G
14_110804730_C/T
14_110804849_G/A
14_110805702_C/G
14_110806130_G/T
14_110806471_G/A
14_110806855_C/G
14_110807235_A/C
14_110808024_T/C
14_110808471_C/T
14_110808961_A/T
14_110809450_A/G
14_110810481_G/C
14_110811041_C/T
14_110811155_C/T
14_110812738_G/A
14_110813041_G/A
14_110816217_T/C
14_110816332_A/C
14_110816380_A/G
14_110816409_A/G
14_110816411_T/C
14_110816511_G/A
14_110816535_C/T
14_110816536_G/A
14_110816578_G/A
14_110816584_C/T
14_110816626_C/T
14_110816686_A/G
14_110816727_A/G
14_110816748_G/A
14_110816834_G/A
14_110817049_T/C
14_110817070_C/T
14_110817272_A/T
14_110817474_A/G
14_110817492_A/T
14_110817747_A/C
14_110817822_A/T
14_110817976_C/G
14_110818178_T/G
14_110818188_T/C
14_110818240_G/C
14_110818362_T/C
14_110818382_G/A
14_110818435_G/A
14_110818450_T/C
14_110818637_T/G
14_110818781_A/G
14_110818853_A/G
14_110819116_C/A
14_110819184_C/T
14_110819605_T/C
14_110819909_A/G
14_110820034_C/G
14_110820177_A/G
14_110820192_G/A
14_110820519_T/C
14_110821387_C/T
14_110821801_A/G
14_110822320_A/G
14_110822571_A/C
14_110823426_G/C
14_110823831_C/G
14_110824966_G/T
14_110825163_A/C
14_110825168_C/T
14_110825414_G/C
14_110825492_T/G
14_110826074_T/C
14_110826788_A/G
14_110827249_G/A
14_110827370_G/T
14_110827661_A/G
14_110827700_T/C
14_110828500_T/G
14_110829189_T/C
14_110830594_C/G
14_110830832_G/A
14_110833790_T/C
14_110833990_A/G
14_110834365_G/A
14_110834411_A/G
14_110834567_C/T
14_110834609_G/A
14_110834963_G/A
14_110835349_G/A
14_110835600_C/T
14_110835766_T/C
14_110835784_C/T
14_110835814_G/C
14_110835855_C/T
14_110835927_C/T
14_110837017_A/G
14_110837369_A/G
14_110837399_G/A
14_110837589_A/G
14_110837929_T/C
14_110838536_A/G
14_110838586_G/A
14_110838658_T/A
14_110838671_T/G
14_110839230_A/G
14_110839609_C/T
14_110839636_T/A
14_110839986_C/T
14_110840014_G/A
14_110840027_C/T
14_110840420_C/T
14_110840421_A/G
14_110840680_C/T
14_110840761_T/C
14_110840895_T/C
14_110841082_G/A
14_110842038_T/G
14_110843368_T/C
14_110844678_A/C
14_110844750_T/C
14_110844770_T/C
14_110846902_G/T
14_110847073_A/T
14_110847095_A/C
14_110848511_G/A
14_110848516_C/T
14_110848523_T/C
14_110849912_A/C
14_110850403_C/A
14_110850428_G/A
14_110851029_T/C
14_110851731_A/G
14_110852004_G/T
14_110852249_T/C
14_110852377_G/T
14_110852421_C/T
14_110852520_G/C
14_110852694_G/T
14_110852799_G/A
14_110853186_G/A
14_110853220_C/T
14_110853472_C/G
14_110853491_T/C
14_110854054_C/T
14_110854123_T/C
14_110854219_C/T
14_110854448_A/G
14_110854676_A/C
14_110854687_G/C
14_110854689_T/C
14_110854693_G/T
14_110854801_C/T
14_110854829_T/A
14_110855902_A/T
14_110856385_A/G
14_110856939_C/T
14_110858140_T/C
14_110858346_G/A
14_110859105_C/A
14_110860040_C/A
14_110860145_T/C
14_110860511_G/C
14_110861624_T/C
14_110862982_A/C
14_110863522_A/C
14_110863550_A/G
14_110863639_T/C
14_110863777_G/A
14_110864087_T/C
14_110864103_C/A
14_110864105_C/T
14_110864449_C/T
14_110864460_G/T
14_110864511_A/T
14_110864696_C/T
14_110865139_T/C
14_110865472_C/T
14_110865824_T/G
14_110865876_A/G
14_110866271_G/A
14_110866303_C/T
14_110866426_T/C
14_110866429_G/T
14_110866707_A/C
14_110866813_A/G
14_110866884_G/A
14_110866958_C/A
14_110867368_C/A
14_110867460_G/C
14_110867580_C/A
14_110867591_G/A
14_110868040_T/G
14_110868512_A/G
14_110868553_T/G
14_110868777_A/G
14_110869361_G/A
14_110869731_G/A
14_110870103_G/A
14_110870571_T/G
14_110871793_C/T
14_110872440_A/G
14_110872859_T/C
14_110873622_G/A
14_110873688_A/T
14_110874113_T/C
14_110874122_A/T
14_110874337_G/T
14_110874742_C/T
14_110876758_C/A
14_110877521_C/T
14_110879195_C/A
14_110879649_C/T
14_110880833_A/G
14_110881123_A/G
14_110881824_T/C
14_110885792_T/C
14_110886184_A/G
14_110886790_G/C
14_110887837_C/T
14_110887930_C/A
14_110890591_G/A
14_110891373_G/A
14_110892763_G/A
14_110894497_A/G
14_110894560_C/G
14_110894813_C/G
14_110894919_A/G
14_110894965_C/T
14_110895677_A/G
14_110895981_G/A
14_110896036_C/T
14_110896548_C/T
14_110896647_C/G
14_110896804_T/C
14_110897107_C/T
14_110897129_C/T
14_110897215_C/T
14_110897252_G/A
14_110897320_G/A
14_110897665_G/T
14_110897683_A/G
14_110897898_T/C
14_110898311_T/G
14_110898695_G/A
14_110898835_T/C
14_110899003_G/A
14_110899050_G/A
14_110899129_G/A
14_110899136_A/G
14_110899309_T/A
14_110899336_A/G
14_110899380_A/C
14_110899453_C/A
14_110899569_T/G
14_110899610_G/A
14_110899645_G/A
14_110899861_T/C
14_110899884_A/G
14_110899927_C/T
14_110899993_G/A
14_110900036_T/G
14_110900206_C/T
14_110901179_T/C
14_110901432_G/A
14_110901499_C/T
14_110901519_A/G
14_110901590_G/A
14_110901600_T/G
14_110902136_G/A
14_110902172_T/C
14_110902175_G/A
14_110902236_T/C
14_110902239_G/A
14_110902259_A/G
14_110902332_T/C
14_110902461_G/A
14_110902574_C/T
14_110902664_C/T
14_110902714_T/G
14_110903219_G/A
14_110903283_C/G
14_110903292_A/T
14_110903350_A/G
14_110903762_T/C
14_110903768_A/G
14_110903968_C/T
14_110903970_C/T
14_110904143_G/A
14_110904257_T/C
14_110904277_C/G
14_110904279_T/G
14_110904432_A/G
14_110904531_T/A
14_110904587_C/T
14_110904589_G/A
14_110904640_A/T
14_110904852_G/T
14_110904990_T/C
14_110905027_G/C
14_110905163_G/T
14_110905253_A/G
14_110905356_C/T
14_110905402_G/A
14_110905572_G/A
14_110905761_T/C
14_110905879_A/G
14_110905976_A/T
14_110906274_T/C
14_110906436_A/C
14_110906550_A/G
14_110906583_T/C
14_110906892_T/C
14_110906989_C/T
14_110907317_T/C
14_110907333_C/T
14_110907435_T/A
14_110907853_A/G
14_110907886_G/T
14_110908288_G/A
14_110908539_G/T
14_110909640_T/A
14_110909840_G/A
14_110910052_G/A
14_110910089_C/T
14_110910115_C/G
14_110910368_A/C
14_110910475_C/T
14_110910975_A/G
14_110911290_C/A
14_110911441_T/C
14_110911508_T/G
14_110913790_A/G
14_110914734_T/A
14_110917391_G/A
14_110917750_G/A
14_110917988_C/G
14_110918245_T/C
14_110918607_A/G
14_110918679_T/A
14_110919006_G/A
14_110919179_T/C
14_110919344_C/T
14_110919586_G/A
14_110919595_A/G
14_110920129_T/C
14_110920142_T/C
14_110920475_T/C
14_110920986_A/G
14_110921176_T/C
14_110921191_G/A
14_110921241_G/C
14_110921418_C/T
14_110922098_G/A
14_110922133_A/T
14_110922155_A/T
14_110922251_C/G
14_110922276_A/T
14_110922503_G/A
14_110922611_G/C
14_110923075_T/C
14_110923227_C/A
14_110923381_G/A
14_110924466_G/A
14_110924568_C/A
14_110925100_G/A
14_110925216_A/G
14_110925309_A/G
14_110925453_A/G
14_110925478_G/T
14_110925563_A/G
14_110925728_T/C
14_110925872_G/A
14_110926597_G/A
14_110926819_C/A
14_110927041_C/G
14_110927051_T/C
14_110927387_C/T
14_110927481_G/C
14_110927611_G/A
14_110927795_T/C
14_110927827_G/A
14_110927876_G/A
14_110928044_C/T
14_110928064_G/A
14_110928227_A/T
14_110928367_T/G
14_110928369_G/C
14_110928444_A/G
14_110928969_C/G
14_110929166_G/A
14_110929505_G/A
14_110929731_T/C
14_110929931_G/T
14_110930147_G/T
14_110930248_G/C
14_110930253_C/T
14_110930271_A/G
14_110930317_T/C
14_110930380_T/C
14_110930908_A/G
14_110930985_A/T
14_110931024_T/C
14_110931073_C/G
14_110931502_C/T
14_110931505_C/T
14_110931547_T/C
14_110931740_C/T
14_110932595_G/A
14_110932801_G/A
14_110932869_C/A
14_110932895_C/A
14_110933655_A/G
14_110934524_C/T
14_110936760_C/A
14_110937000_A/G
14_110937703_A/G
14_110938581_T/C
14_110938680_C/G
14_110939032_T/C
14_110939722_G/A
14_110940339_C/G
14_110941765_C/A
14_110941972_C/T
14_110942029_T/C
14_110942427_G/T
14_110942650_T/C
14_110942651_G/A
14_110942760_A/G
14_110943537_C/G
14_110943932_A/G
14_110943990_G/A
14_110944125_C/T
14_110944661_G/A
14_110944878_A/G
14_110945941_C/T
14_110946218_C/A
14_110946369_C/G
14_110946653_G/A
14_110947372_G/A
14_110947747_G/T
14_110947802_T/C
14_110948103_A/G
14_110948428_G/A
14_110948444_A/C
14_110948462_C/T
14_110948477_G/A
14_110948661_T/C
14_110948983_T/C
14_110948988_T/A
14_110949075_T/C
14_110949171_T/C
14_110949338_C/T
14_110949436_C/T
14_110949668_G/A
14_110950154_G/A
14_110950203_C/T
14_110950218_A/G
14_110950286_A/T
14_110950661_T/A
14_110950663_A/C
14_110950733_C/T
14_110950918_C/A
14_110951088_A/G
14_110951341_T/G
14_110952264_C/T
14_110952283_C/T
14_110952714_A/G
14_110953136_T/G
14_110953158_A/G
14_110953318_A/G
14_110953459_G/C
14_110953509_C/A
14_110953584_C/T
14_110953593_G/A
14_110953632_C/T
14_110953638_A/G
14_110953746_A/G
14_110953992_G/A
14_110954491_C/T
14_110955655_A/G
14_110956122_C/G
14_110956652_A/T
14_110957743_G/C
14_110957974_A/G
14_110957989_T/C
14_110959479_C/T
14_110960902_T/C
14_110961350_A/G
14_110961387_T/C
14_110961805_A/G
14_110962790_A/T
14_110962990_G/T
14_110963098_G/C
14_110963535_A/G
14_110963540_C/T
14_110963693_C/T
14_110964249_C/T
14_110964326_T/C
14_110964353_C/T
14_110964606_A/G
14_110964685_T/C
14_110964700_A/G
14_110964936_T/G
14_110965031_T/C
14_110965137_G/A
14_110965164_T/C
14_110965210_C/G
14_110965336_A/G
14_110966038_A/G
14_110966104_C/G
14_110966182_A/G
14_110966239_T/C
14_110967131_G/A
14_110967384_C/T
14_110967385_A/G
14_110967387_T/C
14_110967715_C/T
14_110967942_T/C
14_110967971_A/G
14_110968877_T/A
14_110968882_G/C
14_110969154_G/A
14_110969519_A/G
14_110969626_A/G
14_110969914_A/G
14_110970223_C/T
14_110970251_T/C
14_110970400_G/A
14_110970476_T/C
14_110970948_C/T
14_110971299_T/C
14_110971311_A/G
14_110972173_G/A
14_110972221_T/G
14_110972444_G/A
14_110972707_A/G
14_110972778_G/A
14_110973598_T/C
14_110973601_T/C
14_110973685_G/A
14_110973694_A/G
14_110973789_C/G
14_110973902_G/A
14_110973981_G/A
14_110974607_G/A
14_110974786_G/C
14_110974879_C/T
14_110975230_A/C
14_110975290_C/T
14_110975298_G/A
14_110977396_A/G
14_110977508_G/A
14_110977971_G/A
14_110978676_G/C
14_110978870_G/A
14_110978913_C/T
14_110979200_T/C
14_110979401_C/T
14_110979464_T/C
14_110979796_C/G
14_110980032_G/T
14_110980650_G/A
14_110980691_C/G
14_110980692_T/C
14_110980954_A/G
14_110981843_T/C
14_110981845_C/T
14_110982230_T/C
14_110985840_A/G
14_110985860_C/T
14_110986080_G/A
14_110986164_A/G
14_110986267_A/T
14_110986525_T/C
14_110986571_C/T
14_110986588_G/T
14_110986666_G/A
14_110986754_T/G
14_110986757_G/A
14_110986834_C/T
14_110986883_T/G
14_110986887_G/A
14_110986976_A/G
14_110986980_T/C
14_110987008_C/T
14_110987009_A/G
14_110987176_G/A
14_110987191_A/T
14_110987200_T/C
14_110987231_G/A
14_110987698_C/G
14_110987710_T/C
14_110987809_G/A
14_110987925_G/T
14_110988168_G/A
14_110988190_T/G
14_110988299_T/C
14_110988452_G/A
14_110988649_A/G
14_110989182_T/C
14_110989328_C/G
14_110990158_A/C
14_110990317_A/G
14_110990809_T/C
14_110992279_A/G
14_110992425_G/A
14_110992725_C/A
14_110993121_G/A
14_110993484_T/C
14_110993766_G/A
14_110994066_C/T
14_110994432_C/T
14_110994542_G/A
14_110994614_T/C
14_110995960_G/A
14_110995974_C/G
14_110996258_G/T
14_110997015_C/T
14_110997281_G/C
14_110998455_C/T
14_110998870_C/T
14_110999199_A/G
14_111000019_G/A
14_111000927_G/A
14_111001057_T/C
14_111001187_T/C
14_111001446_T/C
14_111001713_C/A
14_111002911_C/G
14_111003380_G/C
14_111003433_G/A
14_111003443_C/T
14_111003603_A/G
14_111004832_G/A
14_111006431_A/G
14_111006462_G/A
14_111006572_G/A
14_111007061_T/C
14_111007427_T/C
14_111007477_G/A
14_111007816_T/C
14_111008165_T/C
14_111011701_T/A
14_111011714_T/C
14_111012299_T/C
14_111012361_T/C
14_111012598_C/T
14_111013380_C/T
14_111013797_C/T
14_111013900_C/G
14_111014434_A/G
14_111014747_C/G
14_111016767_C/G
14_111017235_G/A
14_111017299_C/T
14_111018435_T/A
14_111018773_G/A
14_111019767_T/C
14_111020126_C/T
14_111020156_A/G
14_111020227_T/G
14_111020333_T/C
14_111020346_T/C
14_111020512_A/G
14_111020517_T/C
14_111020528_G/A
14_111020564_A/T
14_111020577_T/C
14_111020766_A/G
14_111021007_T/C
14_111021177_A/C
14_111021219_G/A
14_111021223_T/A
14_111021331_G/A
14_111021372_A/G
14_111021433_C/G
14_111021441_C/T
14_111021568_T/A
14_111021578_C/G
14_111021588_T/C
14_111021644_T/A
14_111021662_T/G
14_111021733_C/T
14_111021755_C/T
14_111021930_C/G
14_111021944_A/G
14_111022095_C/T
14_111022300_C/T
14_111022329_G/T
14_111022370_G/C
14_111022482_A/G
14_111022573_A/G
14_111023055_A/G
14_111023344_C/T
14_111023671_G/A
14_111023679_A/G
14_111023924_G/A
14_111023954_C/T
14_111024062_C/T
14_111024065_G/A
14_111024120_G/A
14_111024798_T/C
14_111024968_C/G
14_111024971_T/C
14_111025126_T/C
14_111025719_G/C
14_111025741_A/G
14_111026072_G/A
14_111026150_A/G
14_111026549_A/G
14_111026887_A/G
14_111026899_C/T
14_111026935_C/T
14_111026980_A/G
14_111027029_C/T
14_111027057_A/G
14_111027064_T/C
14_111027160_T/C
14_111027374_G/A
14_111027478_C/G
14_111027706_A/G
14_111027777_T/C
14_111027915_G/A
14_111028075_A/G
14_111028228_C/T
14_111028578_A/C
14_111028624_T/G
14_111028736_C/T
14_111028774_G/C
14_111028879_T/C
14_111028905_G/A
14_111028985_T/C
14_111029277_A/G
14_111029363_A/G
14_111029730_G/C
14_111029976_G/C
14_111030099_T/C
14_111030151_C/G
14_111030419_G/A
14_111030475_T/C
14_111030551_G/C
14_111030625_A/G
14_111031153_A/G
14_111031378_C/G
14_111031673_T/C
14_111032339_A/G
14_111032500_A/C
14_111032724_C/G
14_111033045_G/A
14_111033237_T/C
14_111033386_T/C
14_111033463_A/C
14_111033666_G/A
14_111033762_A/T
14_111033807_G/A
14_111033857_C/T
14_111033873_A/G
14_111033897_A/G
14_111033932_A/G
14_111033954_G/A
14_111034262_T/G
14_111035206_A/G
14_111036291_G/T
14_111036368_T/C
14_111037204_G/T
14_111037328_T/C
14_111039103_C/A
14_111039522_C/G
14_111040273_A/G
14_111040416_A/G
14_111044357_G/A
14_111044388_A/G
14_111044895_A/G
14_111045567_G/A
14_111046682_C/G
14_111047920_A/G
14_111048119_G/C
14_111048654_G/A
14_111048921_G/A
14_111050359_A/C
14_111053009_C/T
14_111053663_A/G
14_111054143_A/C
14_111054422_A/T
14_111054762_C/T
14_111054929_T/C
14_111055008_A/G
14_111055145_C/T
14_111055227_A/C
14_111055286_A/C
14_111055288_A/C
14_111055481_A/G
14_111056138_G/T
14_111056293_A/C
14_111056666_T/C
14_111056760_A/G
14_111056824_C/G
14_111057086_C/T
14_111057438_T/C
14_111057523_T/A
14_111057834_G/T
14_111058181_A/C
14_111058444_T/C
14_111058620_C/T
14_111058726_G/A
14_111058839_C/T
14_111059003_C/A
14_111059541_G/A
14_111059562_C/T
14_111059667_G/A
14_111060142_G/A
14_111060249_A/C
14_111060406_A/G
14_111060418_A/G
14_111060441_A/G
14_111060461_C/G
14_111060719_C/T
14_111060815_G/A
14_111060866_G/A
14_111060876_C/A
14_111060889_C/T
14_111061047_G/C
14_111061129_T/C
14_111061433_G/A
14_111061507_G/A
14_111061549_A/G
14_111061569_T/C
14_111061595_G/T
14_111061647_A/G
14_111061724_C/G
14_111061837_G/A
14_111062019_T/C
14_111062030_T/C
14_111062125_A/G
14_111062205_T/C
14_111062401_A/G
14_111062611_G/A
14_111062632_C/A
14_111062688_T/C
14_111062861_C/G
14_111062991_T/C
14_111062997_C/G
14_111063001_A/G
14_111063038_T/C
14_111063069_C/T
14_111063232_A/G
14_111063268_G/A
14_111063288_T/C
14_111063711_C/T
14_111063727_A/G
14_111063838_T/G
14_111063911_T/C
14_111064403_G/T
14_111064574_C/T
14_111064582_T/C
14_111064587_A/T
14_111064597_T/C
14_111064675_G/T
14_111064810_G/T
14_111064887_A/T
14_111064938_G/A
14_111065290_C/T
14_111065680_C/T
14_111066218_A/T
14_111066758_A/G
14_111067515_G/T
14_111067604_C/T
14_111067857_T/C
14_111068623_T/C
14_111068826_A/G
14_111069292_T/G
14_111070231_C/T
14_111071014_T/G
14_111071038_G/A
14_111071044_C/T
14_111071092_T/C
14_111071120_T/A
14_111071148_G/A
14_111071293_C/T
14_111071373_C/T
14_111071377_C/T
14_111071525_G/A
14_111071571_G/A
14_111071652_T/C
14_111071654_C/G
14_111071693_A/G
14_111071699_A/G
14_111071751_C/T
14_111071785_C/T
14_111071800_T/C
14_111071897_C/G
14_111072084_C/T
14_111073742_A/C
14_111074079_T/C
14_111074567_G/A
14_111074641_T/C
14_111075963_T/C
14_111078503_A/G
14_111081391_C/A
14_111082768_A/G
14_111083418_C/T
14_111083503_T/C
14_111085229_C/T
14_111086253_C/T
14_111086563_C/A
14_111087425_C/G
14_111087632_A/G
14_111087643_T/C
14_111088226_G/A
14_111088243_T/C
14_111088332_A/G
14_111088945_C/T
14_111089371_C/T
14_111089935_T/C
14_111091303_T/C
14_111092006_G/A
14_111092035_T/C
14_111092705_A/G
14_111093925_G/A
14_111095334_C/T
14_111095379_G/T
14_111095955_T/A
14_111096147_C/T
14_111096718_G/A
14_111098254_G/A
14_111098497_G/A
14_111098852_T/A
14_111099511_T/C
14_111099946_T/A
14_111100384_A/G
14_111100401_A/T
14_111100439_G/A
14_111100522_C/T
14_111100551_C/T
14_111100660_A/C
14_111100843_T/C
14_111101118_C/T
14_111101445_T/C
14_111101781_A/G
14_111102120_C/A
14_111102853_T/A
14_111102943_G/A
14_111102962_T/G
14_111103021_G/T
14_111103297_C/A
14_111103669_T/C
14_111105202_A/G
14_111105330_T/C
14_111105355_C/T
14_111105805_G/C
14_111105855_A/T
14_111105924_C/T
14_111106291_C/A
14_111106348_G/A
14_111106564_C/T
14_111106675_A/G
14_111106685_G/T
14_111107057_T/C
14_111107160_C/A
14_111107161_C/A
14_111107307_C/T
14_111107412_T/G
14_111107494_C/T
14_111107501_C/T
14_111107565_A/G
14_111107596_G/A
14_111107598_C/T
14_111107711_A/G
14_111107721_A/G
14_111107978_C/T
14_111108457_G/A
14_111108859_C/T
14_111109036_C/T
14_111109357_A/G
14_111109375_T/C
14_111109489_C/T
14_111110132_C/T
14_111110180_C/T
14_111110202_A/G
14_111110731_T/A
14_111110829_C/G
14_111110897_A/G
14_111112011_G/A
14_111112516_C/T
14_111112710_C/T
14_111112737_G/C
14_111113188_C/T
14_111113229_G/A
14_111114786_T/C
14_111115040_A/G
14_111115610_C/T
14_111115793_A/C
14_111116301_T/C
14_111116381_T/C
14_111117516_A/T
14_111117867_G/A
14_111118425_T/C
14_111118554_G/A
14_111118768_A/G
14_111118798_G/C
14_111119127_A/G
14_111119417_A/C
14_111119549_A/G
14_111119554_T/C
14_111119651_G/A
14_111119740_T/C
14_111119812_T/C
14_111120040_G/A
14_111120645_A/G
14_111122949_A/C
14_111123095_T/A
14_111126274_G/A
14_111126774_T/C
14_111127526_C/T
14_111128400_A/G
14_111128858_C/T
14_111130802_G/C
14_111131523_A/G
14_111131629_A/G
14_111131769_T/A
14_111133292_C/T
14_111133452_G/A
14_111133703_A/C
14_111134161_T/C
14_111134189_C/T
14_111134452_C/T
14_111134674_C/G
14_111135078_C/T
14_111135192_A/G
14_111135543_C/T
14_111135968_C/A
14_111137210_C/T
14_111137380_T/G
14_111137840_C/G
14_111137913_T/C
14_111139260_C/A
14_111139359_A/G
14_111139364_A/G
14_111139861_G/A
14_111139976_G/A
14_111140147_C/T
14_111146491_G/A
14_111146518_G/A
14_111147836_T/C
14_111148290_C/T
14_111149803_T/C
14_111150108_C/T
14_111152662_G/A
14_111152665_G/A
14_111153252_G/A
14_111153665_A/G
14_111153919_G/A
14_111154570_G/A
14_111154576_G/T
14_111154833_C/T
14_111154952_A/G
14_111155008_C/T
14_111155162_A/G
14_111155410_A/G
14_111155517_C/T
14_111155528_A/G
14_111156346_G/A
14_111156365_A/G
14_111156790_A/G
14_111156823_A/G
14_111156827_G/T
14_111156854_T/C
14_111157371_A/G
14_111157502_C/G
14_111157535_C/T
14_111157811_A/G
14_111157997_C/T
14_111158081_G/C
14_111158128_T/C
14_111158195_T/C
14_111158483_G/A
14_111158542_G/C
14_111158576_C/T
14_111159002_T/C
14_111159051_C/T
14_111159060_G/A
14_111159091_A/G
14_111159206_A/G
14_111159313_C/G
14_111159484_T/A
14_111159908_G/A
14_111160030_G/A
14_111160184_A/T
14_111160349_C/G
14_111160381_A/T
14_111160677_T/C
14_111160687_A/T
14_111160793_C/T
14_111160918_T/C
14_111161079_T/C
14_111161133_A/G
14_111161142_A/G
14_111161806_C/T
14_111163759_C/A
14_111165010_G/C
14_111167631_C/T
14_111167835_T/C
14_111168067_G/A
14_111168070_G/A
14_111168166_T/C
14_111168467_A/G
14_111168524_C/T
14_111168538_A/G
14_111168608_T/G
14_111173635_A/C
14_111176915_C/T
14_111177265_C/T
14_111178142_A/G
14_111178281_G/A
14_111178591_A/G
14_111179525_T/C
14_111179824_T/C
14_111179889_T/C
14_111183610_C/T
14_111183731_G/A
14_111185732_G/A
14_111185998_T/C
14_111186194_G/A
14_111186527_C/T
14_111187092_T/A
14_111187198_A/G
14_111187577_A/G
14_111187677_T/C
14_111187711_A/G
14_111187896_A/G
14_111187969_T/C
14_111188142_G/C
14_111188219_C/A
14_111188503_G/A
14_111188635_A/G
14_111188646_A/G
14_111188692_A/G
14_111188731_C/G
14_111188805_G/A
14_111188823_T/C
14_111188905_G/A
14_111188913_T/A
14_111189071_A/G
14_111189134_C/T
14_111189161_A/G
14_111189233_T/C
14_111189239_A/G
14_111189266_G/A
14_111189274_A/C
14_111189356_C/T
14_111190076_C/G
14_111190255_C/G
14_111190396_G/A
14_111190402_G/T
14_111190476_C/T
14_111191479_G/A
14_111191822_C/T
14_111194735_G/C
14_111196412_T/C
14_111197055_T/C
14_111197707_A/G
14_111198527_A/C
14_111198634_C/A
14_111198663_G/A
14_111198839_A/G
14_111198975_C/T
14_111199820_C/G
14_111200041_T/C
14_111200045_T/C
14_111200053_T/C
14_111200422_A/G
14_111200531_T/A
14_111202447_A/G
14_111204983_G/T
14_111205279_C/T
14_111205553_C/T
14_111206099_G/A
14_111207361_A/G
14_111207975_C/T
14_111209936_T/C
14_111210345_T/C
14_111210442_A/G
14_111210867_C/G
14_111211198_C/T
14_111211772_G/A
14_111213607_C/T
14_111213679_C/T
14_111213965_G/A
14_111215013_T/C
14_111215276_C/T
14_111215310_T/C
14_111215671_T/C
14_111215732_C/T
14_111215840_A/G
14_111216137_T/G
14_111216633_A/T
14_111216673_A/G
14_111216896_T/C
14_111217081_A/G
14_111217509_T/C
14_111218008_C/T
14_111218989_G/A
14_111219346_C/T
14_111220147_A/G
14_111220185_G/A
14_111220882_C/G
14_111221914_A/G
14_111221952_T/C
14_111222109_G/C
14_111222390_T/C
14_111222545_A/C
14_111222693_C/T
14_111225004_A/G
14_111230699_C/G
14_111242732_C/T
14_111243754_G/C
14_111244013_A/G
14_111245651_T/C
14_111245655_G/A
14_111249181_G/T
14_111249312_G/A
14_111249334_A/G
14_111256504_G/T
14_111262482_T/A
14_111273524_C/T
14_111273952_T/C
14_111278867_T/G
14_111279050_G/T
14_111281939_A/G
14_111282402_A/G
14_111284258_T/C
14_111284385_A/G
14_111287414_G/C
14_111287417_A/G
14_111287839_C/T
14_111296007_A/G
14_111297101_T/A
14_111313143_T/G
14_111321081_A/G
14_111322071_T/C
14_111329536_C/T
14_111334419_C/T
14_111338236_T/A
14_111339737_G/C
14_111341329_A/G
14_111345871_C/T
14_111345970_C/G
14_111349845_C/A
14_111359187_T/C
14_111359634_C/T
14_111364442_C/T
14_111365436_G/C
14_111367967_G/C
14_111369406_G/T
14_111371663_T/C
14_111371808_A/G
14_111375624_A/T
14_111375748_T/C
14_111375773_G/A
14_111376798_A/G
14_111376831_G/T
14_111378762_T/C
14_111380560_A/T
14_111385859_A/C
14_111385928_C/T
14_111387672_C/T
14_111388367_G/T
14_111389019_T/C
14_111389898_C/T
14_111390480_T/C
14_111390757_A/G
14_111394415_A/G
14_111394866_G/T
14_111394933_A/T
14_111395987_C/G
14_111397573_G/C
14_111398538_G/A
14_111399323_T/C
14_111399426_T/C
14_111400296_A/G
14_111400462_T/C
14_111402846_G/A
14_111404245_T/A
14_111408669_A/G
14_111409292_C/T
14_111409447_T/C
14_111409513_C/T
14_111410718_C/T
14_111411033_T/C
14_111411352_C/T
14_111411642_T/C
14_111411703_G/A
14_111412090_T/C
14_111413820_C/G
14_111414235_G/A
14_111414397_T/C
14_111414401_T/C
14_111414415_C/T
14_111414417_A/G
14_111414440_G/A
14_111416142_C/T
14_111416565_A/G
14_111416793_C/T
14_111417398_T/G
14_111419046_G/A
14_111419352_A/G
14_111419388_A/G
14_111419484_C/T
14_111421612_T/C
14_111421825_A/C
14_111421927_C/T
14_111422369_T/G
14_111422640_C/T
14_111422686_T/C
14_111423373_G/A
14_111424060_G/A
14_111425352_A/C
14_111425646_T/C
14_111426108_A/G
14_111427030_A/G
14_111427155_C/T
14_111427940_C/T
14_111428585_A/T
14_111429097_G/A
14_111429195_C/T
14_111429355_A/G
14_111429722_G/T
14_111430165_G/A
14_111430194_T/C
14_111430223_A/G
14_111431198_A/G
14_111431220_C/T
14_111431627_G/A
14_111432096_T/C
14_111432246_G/A
14_111432435_T/C
14_111434225_A/C
14_111434502_C/T
14_111434869_C/T
14_111434870_A/G
14_111434983_T/A
14_111435133_T/C
14_111435153_G/A
14_111435391_T/C
14_111435940_T/C
14_111436053_C/T
14_111436120_G/A
14_111436171_G/C
14_111436233_C/T
14_111436234_A/G
14_111436325_A/G
14_111436382_G/C
14_111436394_A/T
14_111436654_A/G
14_111437216_T/C
14_111437307_T/C
14_111437699_C/T
14_111437705_G/A
14_111437718_C/T
14_111437923_T/G
14_111438003_C/A
14_111438116_A/C
14_111438376_C/T
14_111438379_T/C
14_111438386_G/A
14_111438446_C/T
14_111440521_G/A
14_111441232_T/C
14_111441516_A/T
14_111442313_G/T
14_111442882_T/G
14_111443541_A/G
14_111443563_A/G
14_111443662_T/C
14_111443669_A/C
14_111444407_T/G
14_111444552_T/C
14_111444803_A/G
14_111445262_C/T
14_111447288_A/G
14_111447397_G/A
14_111447651_G/A
14_111447792_C/T
14_111448056_C/T
14_111448488_T/C
14_111449521_A/G
14_111450027_G/A
14_111450236_G/A
14_111450248_T/C
14_111450401_A/G
14_111450601_A/G
14_111450655_G/C
14_111450991_A/G
14_111451267_C/G
14_111451312_T/G
14_111451320_T/A
14_111451329_G/A
14_111451390_G/A
14_111451534_G/A
14_111451619_G/T
14_111451847_G/A
14_111452002_C/T
14_111452477_C/A
14_111452802_C/G
14_111453186_C/T
14_111453512_T/C
14_111453610_C/A
14_111453919_C/T
14_111454112_A/G
14_111454585_T/C
14_111454660_C/T
14_111454729_A/G
14_111454775_A/G
14_111454776_C/T
14_111454785_T/C
14_111455384_A/T
14_111455750_C/T
14_111455847_A/G
14_111455946_C/T
14_111456665_A/G
14_111456841_A/G
14_111457063_T/G
14_111457166_C/T
14_111457176_C/T
14_111457261_A/G
14_111457735_G/A
14_111457876_C/A
14_111457975_C/T
14_111458011_T/C
14_111458059_T/C
14_111458091_A/T
14_111458336_A/G
14_111458580_C/T
14_111458688_G/A
14_111459339_G/A
14_111459992_G/A
14_111460158_A/G
14_111460181_A/G
14_111460513_C/A
14_111460547_C/T
14_111460852_C/A
14_111460946_G/C
14_111461751_T/C
14_111461804_A/G
14_111462051_A/G
14_111463576_C/T
14_111464949_G/A
14_111466172_G/A
14_111466670_C/T
14_111467448_A/C
14_111468955_C/T
14_111469398_C/T
14_111469707_G/T
14_111469789_G/C
14_111470041_A/G
14_111470085_C/G
14_111470095_G/A
14_111471298_A/G
14_111471557_G/A
14_111471831_C/T
14_111471917_C/T
14_111472463_C/T
14_111473846_T/C
14_111474481_G/A
14_111474538_C/T
14_111474617_A/G
14_111474665_A/G
14_111474854_G/A
14_111475110_G/C
14_111475755_G/A
14_111476177_A/G
14_111476223_T/C
14_111478111_G/A
14_111478634_T/C
14_111478641_T/C
14_111478729_A/G
14_111478771_C/G
14_111478830_A/G
14_111478951_C/A
14_111479148_G/T
14_111479314_C/T
14_111479424_G/C
14_111479427_A/C
14_111479614_T/A
14_111479752_G/T
14_111479753_C/T
14_111479765_A/G
14_111479932_A/G
14_111479934_G/A
14_111479968_G/A
14_111480023_A/G
14_111480547_C/G
14_111480736_C/T
14_111480897_G/A
14_111480923_C/T
14_111481798_C/T
14_111482579_C/G
14_111482645_C/T
14_111482651_C/G
14_111482920_A/C
14_111483067_A/G
14_111483116_T/C
14_111483292_G/A
14_111483377_A/G
14_111483465_G/A
14_111483471_C/T
14_111483474_C/T
14_111483715_C/T
14_111483828_C/G
14_111483939_T/A
14_111483965_G/A
14_111484227_T/G
14_111484382_T/C
14_111484455_G/A
14_111484943_T/C
14_111485085_C/G
14_111485092_A/T
14_111485534_C/T
14_111486791_T/C
14_111487276_T/C
14_111487464_G/A
14_111487588_T/C
14_111487776_C/T
14_111487870_G/T
14_111488627_A/G
14_111488654_C/T
14_111489428_G/T
14_111490988_G/A
14_111491235_C/A
14_111491390_T/C
14_111491393_C/G
14_111491407_A/G
14_111491487_C/T
14_111492559_T/C
14_111493153_A/G
14_111493158_C/T
14_111493236_G/T
14_111493488_C/G
14_111495168_A/T
14_111495258_A/C
14_111495720_A/G
14_111495747_G/A
14_111495887_A/G
14_111496235_C/T
14_111496281_A/G
14_111496568_T/A
14_111496780_G/A
14_111497134_C/T
14_111497364_A/C
14_111497550_T/C
14_111497716_G/T
14_111499502_C/G
14_111500514_A/G
14_111501284_G/A
14_111501863_T/C
14_111502555_T/C
14_111502782_C/T
14_111503231_T/C
14_111503308_A/T
14_111503316_A/G
14_111503329_T/G
14_111503969_C/T
14_111504129_A/G
14_111504482_A/G
14_111505451_G/A
14_111507499_C/T
14_111507690_C/T
14_111508276_C/T
14_111508807_A/T
14_111509005_A/G
14_111509216_A/C
14_111510301_A/G
14_111510910_C/T
14_111511744_C/T
14_111512051_A/G
14_111512515_G/A
14_111512527_T/C
14_111513350_G/A
14_111513894_T/C
14_111513900_G/A
14_111514700_C/T
14_111514964_C/T
14_111515322_G/A
14_111515369_T/C
14_111515737_G/A
14_111515775_G/C
14_111515867_A/G
14_111515882_A/G
14_111516828_C/A
14_111517050_G/A
14_111517973_C/T
14_111518191_A/G
14_111518294_G/A
14_111518305_T/C
14_111520713_G/A
14_111520769_A/G
14_111520788_A/G
14_111520921_C/T
14_111520991_A/T
14_111521310_A/G
14_111521359_C/G
14_111521360_C/G
14_111521525_G/C
14_111521599_A/C
14_111521762_T/C
14_111522200_G/A
14_111522251_G/A
14_111522263_C/T
14_111523116_T/C
14_111523156_C/G
14_111523689_A/G
14_111523854_C/T
14_111524136_T/C
14_111524220_G/A
14_111524259_G/A
14_111524779_C/T
14_111524901_A/G
14_111524917_C/T
14_111525746_C/T
14_111525955_C/G
14_111526245_T/C
14_111526246_G/A
14_111526309_T/C
14_111526875_G/A
14_111527136_T/C
14_111527260_G/A
14_111527873_A/G
14_111528190_T/C
14_111528368_G/A
14_111528410_C/T
14_111528611_A/C
14_111529159_A/C
14_111529506_T/C
14_111529726_A/G
14_111530399_G/C
14_111530583_T/C
14_111531018_C/T
14_111531169_G/T
14_111531605_A/G
14_111531704_G/A
14_111531724_T/C
14_111532060_G/T
14_111532245_C/A
14_111532529_A/C
14_111532644_C/T
14_111533092_T/C
14_111533885_C/T
14_111534269_G/A
14_111534515_G/A
14_111534579_G/C
14_111534867_G/C
14_111535452_A/C
14_111536728_G/A
14_111537164_G/C
14_111538543_T/C
14_111539130_C/T
14_111539133_G/A
14_111539145_C/A
14_111539146_C/G
14_111539179_A/G
14_111540056_C/G
14_111540234_G/A
14_111541589_G/A
14_111543086_T/G
14_111543300_G/T
14_111543336_C/T
14_111543410_G/A
14_111544188_A/G
14_111544531_C/T
14_111544540_C/A
14_111545544_C/G
14_111546326_G/A
14_111546422_G/A
14_111546936_T/A
14_111547212_A/G
14_111547500_C/T
14_111547924_G/A
14_111547928_T/C
14_111548606_C/T
14_111548722_A/C
14_111549106_A/T
14_111549231_C/A
14_111549321_A/G
14_111549569_A/G
14_111549635_C/T
14_111549657_C/G
14_111549696_C/T
14_111549699_A/G
14_111549778_T/C
14_111550303_C/T
14_111550447_A/C
14_111550489_C/A
14_111550555_G/A
14_111552143_T/C
14_111553617_G/C
14_111554382_G/C
14_111555561_T/C
14_111555562_G/A
14_111555902_A/G
14_111556465_T/C
14_111557314_A/C
14_111558917_A/G
14_111559134_A/G
14_111559864_C/T
14_111559890_T/G
14_111560209_C/T
14_111560828_A/G
14_111561425_A/G
14_111561495_A/G
14_111561826_T/C
14_111562038_A/G
14_111562087_T/C
14_111562171_A/G
14_111562895_C/A
14_111563696_A/G
14_111563833_G/A
14_111563946_A/G
14_111564566_G/A
14_111564675_T/C
14_111564792_T/C
14_111564910_G/A
14_111565333_T/C
14_111565366_C/T
14_111565373_G/A
14_111565374_A/G
14_111565562_C/A
14_111565694_G/T
14_111565940_C/T
14_111566141_G/T
14_111566845_G/A
14_111567081_A/G
14_111567519_T/C
14_111567589_A/G
14_111568470_A/G
14_111568542_C/A
14_111570912_C/T
14_111572040_A/G
14_111572103_C/A
14_111573570_T/C
14_111573633_T/C
14_111573894_G/A
14_111574592_C/T
14_111575644_G/C
14_111576321_C/T
14_111577865_G/T
14_111578632_G/A
14_111578885_T/C
14_111578991_T/C
14_111579018_G/A
14_111579124_G/C
14_111579267_A/G
14_111579672_T/C
14_111581018_C/T
14_111582251_G/T
14_111582536_T/C
14_111582553_G/A
14_111583701_G/A
14_111583834_G/A
14_111584357_C/T
14_111584848_C/T
14_111584975_T/C
14_111588357_C/T
14_111588668_T/C
14_111590062_A/G
14_111591000_A/C
14_111591074_A/G
14_111591544_A/G
14_111592592_A/G
14_111592776_T/C
14_111592948_A/G
14_111592955_A/G
14_111593104_C/T
14_111593407_C/A
14_111593737_C/T
14_111594093_T/C
14_111594290_A/G
14_111594618_T/G
14_111594924_C/G
14_111595060_C/T
14_111595225_T/G
14_111595504_C/T
14_111596278_T/C
14_111596340_C/T
14_111597153_A/G
14_111597198_G/T
14_111597329_G/C
14_111597524_A/G
14_111597653_G/T
14_111597696_T/C
14_111597739_G/A
14_111598153_T/C
14_111598615_T/C
14_111598631_G/A
14_111598646_C/T
14_111598745_C/T
14_111598831_C/T
14_111598835_C/A
14_111600499_G/A
14_111600563_G/A
14_111602862_A/G
14_111603058_A/G
14_111603120_C/T
14_111603683_A/T
14_111603753_T/C
14_111604270_C/G
14_111604531_G/A
14_111604849_G/A
14_111605314_C/T
14_111605399_T/C
14_111605711_C/G
14_111607768_C/T
14_111607827_C/T
14_111608444_G/C
14_111610193_C/G
14_111610420_A/G
14_111610665_C/T
14_111612171_T/C
14_111612255_G/A
14_111612663_C/T
14_111613153_T/G
14_111613405_A/G
14_111613748_C/T
14_111613780_C/T
14_111613796_C/T
14_111614408_C/T
14_111614544_T/C
14_111614654_A/G
14_111614916_G/A
14_111614968_A/C
14_111615094_A/G
14_111616144_A/G
14_111616497_T/C
14_111616523_T/C
14_111616982_T/C
14_111617278_G/A
14_111617377_A/C
14_111618160_T/A
14_111618990_A/G
14_111619258_C/T
14_111619429_C/T
14_111619555_G/A
14_111621249_A/T
14_111621385_T/C
14_111621469_C/T
14_111622128_C/T
14_111622440_G/T
14_111622565_A/G
14_111622993_A/G
14_111623824_A/C
14_111624043_G/C
14_111625646_T/A
14_111625713_C/T
14_111626004_C/G
14_111626090_G/A
14_111626404_T/A
14_111626410_T/C
14_111626838_G/T
14_111627694_T/C
14_111627996_T/C
14_111628099_G/A
14_111628110_A/T
14_111628477_A/G
14_111628478_T/C
14_111628617_G/T
14_111628845_G/A
14_111629115_A/G
14_111629283_T/C
14_111629793_C/T
14_111629855_T/C
14_111630427_A/G
14_111631237_A/G
14_111631523_T/A
14_111632020_T/C
14_111632724_C/T
14_111633186_T/C
14_111633304_A/G
14_111633327_G/T
14_111633512_C/T
14_111633656_T/C
14_111633677_A/C
14_111634737_C/T
14_111634831_G/T
14_111635171_C/A
14_111635945_A/G
14_111636516_A/C
14_111636653_A/C
14_111636826_T/A
14_111638079_C/T
14_111638250_T/C
14_111638264_T/C
14_111638961_C/T
14_111639828_A/T
14_111639847_A/T
14_111640211_A/G
14_111640918_A/G
14_111641315_A/C
14_111641340_A/G
14_111641589_C/T
14_111641714_T/C
14_111642194_A/G
14_111642838_A/G
14_111643415_C/T
14_111643416_A/G
14_111643503_T/C
14_111643926_C/T
14_111644085_A/G
14_111644224_T/A
14_111644325_G/A
14_111644653_T/C
14_111645142_C/T
14_111646393_A/T
14_111646452_C/A
14_111646825_A/G
14_111648978_G/A
14_111649482_T/G
14_111649574_G/A
14_111649614_T/C
14_111649638_G/A
14_111649652_C/G
14_111650621_A/C
14_111650640_T/C
14_111651115_C/A
14_111651425_T/A
14_111652527_T/C
14_111652696_G/A
14_111652945_A/G
14_111653397_A/T
14_111653457_T/C
14_111653499_T/C
14_111653639_A/C
14_111653732_T/G
14_111653759_T/G
14_111654559_G/A
14_111656196_A/G
14_111656463_T/C
14_111658709_T/C
14_111659493_A/G
14_111660933_C/T
14_111660934_T/C
14_111661030_G/A
14_111661462_G/A
14_111663544_G/A
14_111663776_A/G
14_111664246_T/A
14_111664297_C/T
14_111665566_A/T
14_111665567_T/C
14_111666181_A/G
14_111666588_G/C
14_111667946_C/T
14_111668760_G/T
14_111671437_A/G
14_111672287_G/T
14_111672338_C/G
14_111672883_C/T
14_111672916_C/T
14_111673156_T/C
14_111673401_A/G
14_111673728_G/A
14_111675435_T/C
14_111675947_G/C
14_111677127_A/G
14_111677320_C/T
14_111677621_A/C
14_111677748_C/T
14_111679543_C/A
14_111679838_C/T
14_111680637_C/T
14_111680655_G/A
14_111680758_T/C
14_111682484_A/T
14_111683224_C/T
14_111683611_A/G
14_111683954_A/G
14_111684352_C/A
14_111684825_A/G
14_111686288_A/T
14_111686574_C/G
14_111686733_T/C
14_111688128_T/C
14_111689301_T/C
14_111689729_T/G
14_111691010_A/T
14_111691112_A/C
14_111691234_A/G
14_111691317_T/C
14_111691768_T/C
14_111692577_A/G
14_111692705_T/C
14_111692706_C/T
14_111693077_A/G
14_111694067_A/C
14_111694846_T/C
14_111694866_G/C
14_111695089_A/C
14_111695867_C/T
14_111696547_T/C
14_111696761_T/C
14_111696849_T/A
14_111697146_G/A
14_111697375_T/C
14_111697467_C/T
14_111697614_G/A
14_111698253_G/T
14_111699378_A/G
14_111699804_G/A
14_111700624_G/C
14_111700628_A/G
14_111700814_T/C
14_111700911_A/G
14_111700988_T/A
14_111701774_T/C
14_111702317_C/T
14_111703395_A/G
14_111703674_G/A
14_111703875_A/G
14_111704199_C/G
14_111705480_T/G
14_111705528_G/A
14_111705603_T/C
14_111705726_C/G
14_111705752_A/G
14_111705959_G/A
14_111706252_A/T
14_111707504_G/T
14_111708019_C/T
14_111708176_T/C
14_111708690_T/C
14_111712267_C/T
14_111713660_T/C
14_111713954_A/G
14_111714189_T/C
14_111714222_G/A
14_111714631_C/T
14_111715046_T/C
14_111715197_A/G
14_111715479_T/A
14_111715709_T/C
14_111715840_G/A
14_111716111_C/T
14_111717136_A/G
14_111717849_T/C
14_111718315_T/G
14_111718428_G/A
14_111718668_T/C
14_111719094_C/G
14_111719522_C/G
14_111719536_A/C
14_111720098_G/A
14_111721318_A/C
14_111722160_A/T
14_111722182_G/A
14_111722921_A/G
14_111723250_C/T
14_111723793_T/C
14_111724359_A/C
14_111724594_G/A
14_111724802_A/C
14_111724803_G/C
14_111724870_A/G
14_111726480_T/G
14_111726543_T/A
14_111726595_G/A
14_111726725_G/A
14_111726854_C/A
14_111727365_G/A
14_111728327_A/T
14_111728499_A/G
14_111728674_A/G
14_111728919_T/C
14_111729143_C/T
14_111729156_A/C
14_111729351_C/T
14_111730699_C/T
14_111731428_T/G
14_111731512_T/C
14_111731569_G/T
14_111731583_G/A
14_111732013_C/T
14_111732034_C/T
14_111732081_G/A
14_111732193_T/A
14_111732256_T/C
14_111732567_T/C
14_111733199_G/A
14_111734609_C/T
14_111734643_G/C
14_111734848_A/G
14_111734861_A/G
14_111735071_G/A
14_111735255_C/T
14_111735488_G/C
14_111737120_A/G
14_111737164_G/A
14_111737165_A/G
14_111737183_G/A
14_111737489_C/T
14_111737497_T/C
14_111737584_G/T
14_111737737_T/C
14_111737759_T/C
14_111737792_G/A
14_111737857_T/A
14_111737911_A/C
14_111738012_A/G
14_111738087_A/C
14_111738285_C/A
14_111738318_A/G
14_111738338_A/G
14_111738424_A/T
14_111739104_A/T
14_111739158_G/A
14_111739197_C/T
14_111739294_C/T
14_111739338_T/C
14_111739356_A/G
14_111739536_A/G
14_111739774_A/G
14_111739950_A/G
14_111740081_T/A
14_111740149_T/C
14_111740237_T/G
14_111740243_C/T
14_111740302_T/C
14_111740793_G/T
14_111741337_A/G
14_111741479_C/T
14_111741670_T/C
14_111741831_G/A
14_111742127_T/C
14_111742648_A/G
14_111742825_T/C
14_111743183_G/A
14_111743279_A/C
14_111745029_A/G
14_111745031_G/A
14_111745155_C/A
14_111745395_T/C
14_111745544_A/T
14_111745620_G/A
14_111745640_A/G
14_111745768_T/A
14_111745784_A/T
14_111745826_C/T
14_111745888_C/T
14_111745905_G/A
14_111745906_C/T
14_111746479_G/A
14_111747195_T/C
14_111747856_T/C
14_111748194_T/C
14_111748743_C/T
14_111749872_T/C
14_111750998_G/T
14_111752109_T/C
14_111753570_G/T
14_111754484_C/A
14_111754492_C/G
14_111754882_G/A
14_111755248_T/C
14_111755425_C/T
14_111755508_C/T
14_111755720_G/T
14_111757057_T/C
14_111757095_A/G
14_111757382_G/A
14_111757393_G/A
14_111757637_G/A
14_111757837_A/T
14_111758200_T/C
14_111758534_T/G
14_111760021_A/C
14_111760404_A/G
14_111760423_C/G
14_111760592_A/G
14_111760712_C/T
14_111760812_A/G
14_111761393_T/A
14_111761596_A/G
14_111761625_G/A
14_111761674_A/G
14_111761729_G/A
14_111761754_A/T
14_111762141_A/G
14_111762533_G/A
14_111762991_G/T
14_111762993_A/G
14_111763115_C/A
14_111764010_A/G
14_111764070_G/A
14_111764084_A/G
14_111764679_G/A
14_111764874_A/G
14_111764898_G/A
14_111764971_A/T
14_111765203_C/G
14_111765895_G/A
14_111766644_G/A
14_111766764_A/T
14_111766846_G/A
14_111767107_T/C
14_111767181_T/C
14_111767188_G/A
14_111767204_A/G
14_111767236_C/T
14_111767266_G/A
14_111767756_C/T
14_111767809_A/G
14_111767863_T/A
14_111767947_A/G
14_111767966_T/C
14_111768087_T/G
14_111768240_G/A
14_111768357_G/C
14_111768358_G/A
14_111768384_C/T
14_111768407_A/G
14_111768463_G/A
14_111768685_C/A
14_111768735_G/A
14_111768776_G/A
14_111768953_C/T
14_111769085_C/T
14_111769454_A/G
14_111769502_T/C
14_111769522_G/A
14_111769527_A/G
14_111769531_G/C
14_111769536_G/C
14_111769567_T/C
14_111769740_A/G
14_111770252_C/T
14_111770544_T/C
14_111770947_T/C
14_111771174_G/A
14_111771427_A/G
14_111771736_C/A
14_111772593_G/A
14_111772619_T/C
14_111773060_T/C
14_111773348_T/G
14_111773445_A/G
14_111773536_T/C
14_111773626_G/A
14_111773627_G/T
14_111775908_T/C
14_111776035_C/T
14_111778670_G/A
14_111781266_A/G
14_111781714_A/G
14_111781728_A/G
14_111781739_A/G
14_111781743_C/G
14_111782541_C/T
14_111785308_A/T
14_111785314_T/C
14_111785474_C/T
14_111785822_C/T
14_111786012_G/A
14_111786047_G/A
14_111786366_A/G
14_111786715_G/A
14_111786752_A/G
14_111786874_G/A
14_111786994_G/A
14_111787102_A/G
14_111787278_T/C
14_111787297_C/T
14_111787361_G/A
14_111787377_T/C
14_111787383_G/A
14_111787468_A/G
14_111787654_G/A
14_111787672_A/G
14_111787741_A/C
14_111787927_G/A
14_111787949_G/T
14_111788010_T/C
14_111788063_G/A
14_111788100_G/C
14_111788124_A/G
14_111788239_G/A
14_111788546_G/A
14_111788639_G/A
14_111788979_T/G
14_111789263_G/C
14_111789359_C/T
14_111789364_T/C
14_111789596_C/T
14_111789657_G/A
14_111789775_A/G
14_111789800_T/C
14_111789923_G/A
14_111789926_A/G
14_111789932_G/A
14_111790112_T/A
14_111790593_A/C
14_111791085_G/T
14_111791207_G/A
14_111791217_T/G
14_111791302_G/A
14_111791358_C/T
14_111791884_C/T
14_111791895_G/A
14_111792165_A/G
14_111792177_T/C
14_111792379_A/G
14_111792828_G/C
14_111792853_G/C
14_111792942_T/C
14_111794084_T/C
14_111794409_T/C
14_111794450_T/C
14_111794463_A/G
14_111794609_A/T
14_111794653_A/G
14_111794714_C/T
14_111794802_T/C
14_111794860_G/A
14_111795378_C/T
14_111795405_C/T
14_111795410_G/A
14_111795709_C/T
14_111795765_G/A
14_111796357_T/C
14_111796530_G/A
14_111796619_T/C
14_111797137_C/A
14_111797859_T/C
14_111798087_G/A
14_111798206_A/C
14_111798671_C/T
14_111798738_T/G
14_111798852_C/T
14_111799099_A/G
14_111799130_A/G
14_111799211_C/T
14_111799263_C/G
14_111799282_T/C
14_111800209_C/G
14_111800363_C/A
14_111800670_G/A
14_111801131_C/T
14_111801134_C/G
14_111801175_T/C
14_111801405_C/T
14_111801490_C/T
14_111801583_T/C
14_111801635_G/A
14_111801847_A/G
14_111801895_C/T
14_111801971_C/A
14_111801984_C/T
14_111802257_G/A
14_111802305_T/G
14_111802409_A/G
14_111802496_G/A
14_111802848_C/T
14_111803025_A/G
14_111803109_A/G
14_111803230_T/C
14_111803293_G/A
14_111803879_G/A
14_111803922_T/C
14_111804545_C/T
14_111805206_T/A
14_111806092_G/C
14_111806104_C/T
14_111806140_G/A
14_111806354_C/T
14_111806431_C/T
14_111806509_G/A
14_111806717_G/A
14_111807214_T/C
14_111807292_G/A
14_111807346_C/T
14_111807703_T/C
14_111808282_C/A
14_111808324_A/C
14_111808400_A/G
14_111808819_C/T
14_111809663_C/G
14_111810554_T/A
14_111810631_T/A
14_111810640_A/T
14_111810949_G/A
14_111811377_C/T
14_111811398_C/G
14_111811531_G/A
14_111813018_G/A
14_111813025_G/T
14_111813087_G/C
14_111813815_T/A
14_111814110_A/G
14_111815245_C/G
14_111815371_T/C
14_111815592_G/A
14_111815717_A/G
14_111815961_G/C
14_111816160_C/T
14_111816403_G/A
14_111816645_C/A
14_111816672_T/C
14_111816701_G/A
14_111816811_C/T
14_111817067_G/T
14_111817139_G/A
14_111817229_C/T
14_111817337_C/T
14_111817623_C/G
14_111817755_C/T
14_111817910_T/C
14_111818205_T/C
14_111818528_T/C
14_111818579_C/T
14_111818939_A/G
14_111819130_C/T
14_111819251_C/T
14_111819258_G/A
14_111819310_C/T
14_111819342_A/G
14_111819426_A/G
14_111819454_T/C
14_111819463_C/T
14_111819925_C/G
14_111820435_A/G
14_111820451_T/G
14_111820681_A/T
14_111820991_A/G
14_111821117_T/C
14_111821730_C/T
14_111821747_G/A
14_111822345_C/T
14_111822877_A/G
14_111823245_C/G
14_111823653_G/A
14_111823758_G/C
14_111825225_C/T
14_111826407_T/C
14_111828901_T/A
14_111829545_A/C
14_111837455_C/T
14_111837782_C/G
14_111837785_A/G
14_111837794_T/C
14_111840231_A/T
14_111841148_A/G
14_111841158_G/C
14_111841399_G/C
14_111841451_A/G
14_111841501_G/C
14_111841610_T/G
14_111841751_G/A
14_111841938_G/T
14_111842298_A/C
14_111842590_A/G
14_111843864_G/A
14_111844482_C/T
14_111844514_T/C
14_111845465_C/T
14_111845490_T/C
14_111845555_C/G
14_111845579_T/C
14_111845587_T/C
14_111845619_A/G
14_111845707_G/C
14_111845765_A/G
14_111846017_G/A
14_111846049_A/G
14_111846719_A/G
14_111847169_G/A
14_111847829_A/G
14_111847964_T/C
14_111848094_T/C
14_111850359_A/G
14_111850480_A/G
14_111850705_C/T
14_111850885_C/T
14_111851312_G/A
14_111851616_A/G
14_111852282_A/G
14_111852375_T/A
14_111852538_C/T
14_111852721_T/C
14_111852835_A/G
14_111853416_C/T
14_111854047_C/G
14_111854091_G/A
14_111855225_T/G
14_111856366_T/C
14_111856418_G/A
14_111857244_G/A
14_111857512_C/T
14_111857529_C/T
14_111858171_G/A
14_111858806_T/A
14_111859650_G/A
14_111860749_A/G
14_111860838_C/A
14_111860857_C/T
14_111861104_T/C
14_111861727_A/G
14_111861836_C/T
14_111862009_A/G
14_111862106_C/T
14_111862156_C/A
14_111862161_G/A
14_111862173_C/T
14_111862214_T/C
14_111862481_G/T
14_111862504_A/G
14_111862510_T/G
14_111862512_C/G
14_111862701_T/C
14_111862732_C/A
14_111862861_T/C
14_111863150_G/A
14_111863164_C/T
14_111863358_G/A
14_111863405_A/G
14_111863412_G/A
14_111863716_T/C
14_111863739_T/C
14_111863829_G/T
14_111864546_G/A
14_111864805_C/A
14_111865173_T/C
14_111866940_T/C
14_111866998_A/G
14_111867133_G/A
14_111867545_G/A
14_111867580_T/C
14_111869272_A/G
14_111869334_A/G
14_111869380_C/T
14_111869501_C/T
14_111870028_T/C
14_111870074_A/G
14_111870401_T/G
14_111870531_G/A
14_111870761_C/A
14_111871743_A/G
14_111872508_A/G
14_111872601_T/C
14_111873625_T/C
14_111879370_G/A
14_111879489_C/T
14_111879518_T/C
14_111879814_G/A
14_111880653_G/A
14_111880838_C/T
14_111880897_C/A
14_111880899_G/A
14_111881120_T/C
14_111881992_A/G
14_111882006_G/A
14_111882441_T/C
14_111882482_G/A
14_111882973_C/T
14_111883514_T/C
14_111884680_G/A
14_111884758_A/G
14_111884780_C/T
14_111884793_C/T
14_111884842_G/A
14_111884953_G/T
14_111884956_T/C
14_111885036_G/C
14_111885063_G/C
14_111885926_G/A
14_111886020_G/A
14_111886056_T/C
14_111886215_A/G
14_111886306_G/A
14_111886316_A/G
14_111886476_G/A
14_111886893_A/C
14_111887022_C/T
14_111887046_T/G
14_111887374_A/G
14_111887725_G/A
14_111887836_T/C
14_111887898_A/G
14_111888061_G/A
14_111888104_G/A
14_111888272_A/C
14_111888285_G/A
14_111888470_C/G
14_111888695_C/T
14_111888836_G/A
14_111888859_G/A
14_111890018_G/A
14_111890197_T/C
14_111890411_T/C
14_111890423_A/T
14_111890533_G/A
14_111890565_T/C
14_111890889_A/G
14_111890934_A/G
14_111891141_C/T
14_111891191_G/C
14_111891624_T/C
14_111891752_G/A
14_111891768_C/T
14_111891802_C/T
14_111891825_G/A
14_111892358_A/G
14_111892522_G/A
14_111892531_C/T
14_111893392_C/T
14_111894184_T/C
14_111894598_C/A
14_111896370_A/G
14_111898233_T/C
14_111898806_C/T
14_111898868_C/T
14_111899755_G/A
14_111901826_A/G
14_111901894_A/G
14_111901915_G/A
14_111902141_T/C
14_111902179_C/T
14_111902249_C/T
14_111902454_G/T
14_111902766_C/T
14_111903104_G/A
14_111904022_C/T
14_111904631_A/G
14_111905155_A/T
14_111905732_C/T
14_111905792_T/C
14_111906177_G/A
14_111906282_A/G
14_111906405_T/C
14_111906458_G/A
14_111906717_A/G
14_111906816_T/C
14_111908443_G/A
14_111908605_A/G
14_111908703_G/A
14_111908754_G/A
14_111910183_G/A
14_111911717_T/G
14_111912604_T/C
14_111913186_T/C
14_111915536_T/C
14_111918132_C/T
14_111919659_G/A
14_111919927_C/T
14_111920939_T/C
14_111921345_T/C
14_111921524_A/G
14_111922038_A/G
14_111922134_C/T
14_111922361_A/G
14_111922402_T/C
14_111922416_A/G
14_111922974_C/G
14_111924668_G/C
14_111925364_G/A
14_111926101_G/A
14_111927378_G/A
14_111927414_C/T
14_111928108_T/C
14_111928338_A/G
14_111930088_T/C
14_111933928_A/G
14_111936519_G/A
14_111936787_A/G
14_111937061_G/A
14_111937285_T/C
14_111937973_T/C
14_111938604_A/C
14_111939295_A/G
14_111939580_A/G
14_111940329_T/C
14_111940852_T/C
14_111942106_G/C
14_111942211_T/C
14_111943751_G/A
14_111944217_A/G
14_111944449_A/G
14_111944823_A/G
14_111945505_C/A
14_111945804_T/C
14_111945947_T/C
14_111946148_T/C
14_111946206_C/A
14_111946344_G/A
14_111946396_G/A
14_111946486_C/T
14_111946682_C/T
14_111947414_C/T
14_111947639_A/C
14_111948199_G/A
14_111948420_G/A
14_111948617_T/C
14_111948685_C/T
14_111948707_C/T
14_111948786_C/T
14_111948852_T/G
14_111949385_T/C
14_111949423_T/A
14_111949556_A/G
14_111950280_G/A
14_111950895_C/T
14_111951852_G/A
14_111952004_G/A
14_111952137_A/G
14_111952278_C/G
14_111952281_T/C
14_111952436_C/T
14_111953705_T/C
14_111953724_C/T
14_111954241_C/A
14_111954282_G/A
14_111954379_C/T
14_111954429_A/G
14_111954463_A/G
14_111954711_T/C
14_111954865_T/A
14_111954926_T/C
14_111955244_G/A
14_111955247_T/C
14_111955248_G/A
14_111955340_A/G
14_111955963_T/C
14_111957160_G/A
14_111957963_G/A
14_111958551_G/A
14_111959414_T/G
14_111959952_C/T
14_111960781_C/T
14_111960809_C/T
14_111961212_G/A
14_111961218_C/T
14_111961225_C/G
14_111961914_C/T
14_111961915_A/G
14_111962083_T/G
14_111962097_T/C
14_111962409_A/C
14_111963275_A/G
14_111963354_C/T
14_111963465_C/G
14_111963531_C/A
14_111963640_C/A
14_111963699_C/G
14_111963728_C/A
14_111963780_A/G
14_111964287_T/C
14_111964441_G/A
14_111964789_A/G
14_111964806_A/C
14_111965151_A/G
14_111965293_A/G
14_111965345_T/C
14_111965406_G/A
14_111965713_C/T
14_111966919_T/C
14_111966981_C/A
14_111967102_C/T
14_111967125_C/G
14_111968878_T/C
14_111969152_T/A
14_111969260_T/C
14_111969331_G/A
14_111972404_C/T
14_111972429_C/T
14_111972489_T/G
14_111974647_G/A
14_111974744_A/G
14_111974768_C/T
14_111974770_C/G
14_111974978_G/A
14_111985790_C/A
14_111986344_G/A
14_111986773_A/C
14_111987140_A/G
14_111987502_G/A
14_111988982_G/A
14_111989022_G/A
14_111991192_G/A
14_111992013_C/T
14_111992166_G/A
14_111992604_C/T
14_111993680_A/G
14_111993876_T/C
14_111994367_C/T
14_111994471_C/T
14_111994765_G/A
14_111995359_G/T
14_111995985_G/A
14_111996016_A/G
14_111996064_A/G
14_111996258_C/T
14_111997814_G/T
14_111998376_C/T
14_111999168_T/C
14_111999444_T/A
14_111999462_G/A
