PLINK v1.90b7 64-bit (16 Jan 2023)
Options in effect:
  --bfile ./haplotipos_Dualphase/cnv_imputed
  --indep-pairwise 5 1 0.8
  --out cnv_imputed

Hostname: A3040
Working directory: C:\Users\MPINERO\OneDrive - IRTA\Escritorio\cnvs_microbioma
Start time: Mon Mar 13 14:14:49 2023

Random number seed: 1678713289
7942 MB RAM detected; reserving 3971 MB for main workspace.
6502 variants loaded from .bim file.
454 people (0 males, 0 females, 454 ambiguous) loaded from .fam.
Ambiguous sex IDs written to cnv_imputed.nosex .
Using 1 thread (no multithreaded calculations invoked).
Before main variant filters, 454 founders and 0 nonfounders present.
Calculating allele frequencies... done.
Total genotyping rate is exactly 1.
6502 variants and 454 people pass filters and QC.
Note: No phenotypes present.
Pruned 4203 variants from chromosome 14, leaving 2299.
Pruning complete.  4203 of 6502 variants removed.
Marker lists written to cnv_imputed.prune.in and cnv_imputed.prune.out .

End time: Mon Mar 13 14:14:49 2023
